Using pre-set license
Built from '2022.3/staging' branch; Version is '2022.3.7f1 (b16b3b16c7a0) revision 11627323'; Using compiler version '192829333'; Build Type 'Release'
OS: 'Windows 10  (10.0.19045) 64bit Core' Language: 'ru' Physical Memory: 16179 MB
BatchMode: 1, IsHumanControllingUs: 0, StartBugReporterOnCrash: 0, Is64bit: 1, IsPro: 1

COMMAND LINE ARGUMENTS:
C:\Program Files\Unity\Hub\Editor\2022.3.7f1\Editor\Unity.exe
-adb2
-batchMode
-noUpm
-name
AssetImportWorker3
-projectPath
C:/Users/dyene/Documents/Programming/Unity/Testfield
-logFile
Logs/AssetImportWorker3.log
-srvPort
62984
Successfully changed project path to: C:/Users/dyene/Documents/Programming/Unity/Testfield
C:/Users/dyene/Documents/Programming/Unity/Testfield
[UnityMemory] Configuration Parameters - Can be set up in boot.config
    "memorysetup-bucket-allocator-granularity=16"
    "memorysetup-bucket-allocator-bucket-count=8"
    "memorysetup-bucket-allocator-block-size=33554432"
    "memorysetup-bucket-allocator-block-count=8"
    "memorysetup-main-allocator-block-size=16777216"
    "memorysetup-thread-allocator-block-size=16777216"
    "memorysetup-gfx-main-allocator-block-size=16777216"
    "memorysetup-gfx-thread-allocator-block-size=16777216"
    "memorysetup-cache-allocator-block-size=4194304"
    "memorysetup-typetree-allocator-block-size=2097152"
    "memorysetup-profiler-bucket-allocator-granularity=16"
    "memorysetup-profiler-bucket-allocator-bucket-count=8"
    "memorysetup-profiler-bucket-allocator-block-size=33554432"
    "memorysetup-profiler-bucket-allocator-block-count=8"
    "memorysetup-profiler-allocator-block-size=16777216"
    "memorysetup-profiler-editor-allocator-block-size=1048576"
    "memorysetup-temp-allocator-size-main=16777216"
    "memorysetup-job-temp-allocator-block-size=2097152"
    "memorysetup-job-temp-allocator-block-size-background=1048576"
    "memorysetup-job-temp-allocator-reduction-small-platforms=262144"
    "memorysetup-allocator-temp-initial-block-size-main=262144"
    "memorysetup-allocator-temp-initial-block-size-worker=262144"
    "memorysetup-temp-allocator-size-background-worker=32768"
    "memorysetup-temp-allocator-size-job-worker=262144"
    "memorysetup-temp-allocator-size-preload-manager=33554432"
    "memorysetup-temp-allocator-size-nav-mesh-worker=65536"
    "memorysetup-temp-allocator-size-audio-worker=65536"
    "memorysetup-temp-allocator-size-cloud-worker=32768"
    "memorysetup-temp-allocator-size-gi-baking-worker=262144"
    "memorysetup-temp-allocator-size-gfx=262144"
Player connection [15988] Host "[IP] 192.168.56.1 [Port] 0 [Flags] 2 [Guid] 2055374416 [EditorId] 2055374416 [Version] 1048832 [Id] WindowsEditor(7,DESKTOP-GEAI9A4) [Debug] 1 [PackageName] WindowsEditor [ProjectName] Editor" joined multi-casting on [225.0.0.222:54997]...

Player connection [15988] Host "[IP] 192.168.56.1 [Port] 0 [Flags] 2 [Guid] 2055374416 [EditorId] 2055374416 [Version] 1048832 [Id] WindowsEditor(7,DESKTOP-GEAI9A4) [Debug] 1 [PackageName] WindowsEditor [ProjectName] Editor" joined alternative multi-casting on [225.0.0.222:34997]...

Refreshing native plugins compatible for Editor in 55.15 ms, found 2 plugins.
Preloading 0 native plugins for Editor in 0.00 ms.
Initialize engine version: 2022.3.7f1 (b16b3b16c7a0)
[Subsystems] Discovering subsystems at path C:/Program Files/Unity/Hub/Editor/2022.3.7f1/Editor/Data/Resources/UnitySubsystems
[Subsystems] Discovering subsystems at path C:/Users/dyene/Documents/Programming/Unity/Testfield/Assets
GfxDevice: creating device client; threaded=0; jobified=0
Direct3D:
    Version:  Direct3D 11.0 [level 11.1]
    Renderer: NVIDIA GeForce RTX 3050 Laptop GPU (ID=0x25a5)
    Vendor:   NVIDIA
    VRAM:     3964 MB
    Driver:   31.0.15.5161
Initialize mono
Mono path[0] = 'C:/Program Files/Unity/Hub/Editor/2022.3.7f1/Editor/Data/Managed'
Mono path[1] = 'C:/Program Files/Unity/Hub/Editor/2022.3.7f1/Editor/Data/MonoBleedingEdge/lib/mono/unityjit-win32'
Mono config path = 'C:/Program Files/Unity/Hub/Editor/2022.3.7f1/Editor/Data/MonoBleedingEdge/etc'
Using monoOptions --debugger-agent=transport=dt_socket,embedding=1,server=y,suspend=n,address=127.0.0.1:56620
Begin MonoManager ReloadAssembly
Registering precompiled unity dll's ...
Register platform support module: C:/Program Files/Unity/Hub/Editor/2022.3.7f1/Editor/Data/PlaybackEngines/WebGLSupport/UnityEditor.WebGL.Extensions.dll
Register platform support module: C:/Program Files/Unity/Hub/Editor/2022.3.7f1/Editor/Data/PlaybackEngines/AndroidPlayer/UnityEditor.Android.Extensions.dll
Register platform support module: C:/Program Files/Unity/Hub/Editor/2022.3.7f1/Editor/Data/PlaybackEngines/WindowsStandaloneSupport/UnityEditor.WindowsStandalone.Extensions.dll
Registered in 0.014074 seconds.
- Loaded All Assemblies, in  0.879 seconds
Native extension for WindowsStandalone target not found
Native extension for Android target not found
Android Extension - Scanning For ADB Devices 410 ms
Native extension for WebGL target not found
Mono: successfully reloaded assembly
- Finished resetting the current domain, in  0.773 seconds
Domain Reload Profiling: 1651ms
	BeginReloadAssembly (117ms)
		ExecutionOrderSort (0ms)
		DisableScriptedObjects (0ms)
		BackupInstance (0ms)
		ReleaseScriptingObjects (0ms)
		CreateAndSetChildDomain (1ms)
	RebuildCommonClasses (193ms)
	RebuildNativeTypeToScriptingClass (10ms)
	initialDomainReloadingComplete (65ms)
	LoadAllAssembliesAndSetupDomain (492ms)
		LoadAssemblies (116ms)
		RebuildTransferFunctionScriptingTraits (0ms)
		AnalyzeDomain (489ms)
			TypeCache.Refresh (487ms)
				TypeCache.ScanAssembly (469ms)
			ScanForSourceGeneratedMonoScriptInfo (0ms)
			ResolveRequiredComponents (1ms)
	FinalizeReload (774ms)
		ReleaseScriptCaches (0ms)
		RebuildScriptCaches (0ms)
		SetupLoadedEditorAssemblies (707ms)
			LogAssemblyErrors (0ms)
			InitializePlatformSupportModulesInManaged (550ms)
			SetLoadedEditorAssemblies (4ms)
			RefreshPlugins (0ms)
			BeforeProcessingInitializeOnLoad (2ms)
			ProcessInitializeOnLoadAttributes (100ms)
			ProcessInitializeOnLoadMethodAttributes (51ms)
			AfterProcessingInitializeOnLoad (0ms)
			EditorAssembliesLoaded (0ms)
		ExecutionOrderSort2 (0ms)
		AwakeInstancesAfterBackupRestoration (0ms)
========================================================================
Worker process is ready to serve import requests
Begin MonoManager ReloadAssembly
- Loaded All Assemblies, in  0.781 seconds
Refreshing native plugins compatible for Editor in 3.47 ms, found 2 plugins.
Native extension for WindowsStandalone target not found
Native extension for Android target not found
Native extension for WebGL target not found
Package Manager log level set to [2]
[Package Manager] Server::EnsureServerProcessIsRunning -- launch failed, reason: Unity was launched with the -noUpm command-line argument
[Package Manager] UpmClient::Send -- Unable to send message (not connected to UPM process).
[Package Manager] Cannot connect to Unity Package Manager local server
Mono: successfully reloaded assembly
- Finished resetting the current domain, in  0.889 seconds
Domain Reload Profiling: 1665ms
	BeginReloadAssembly (156ms)
		ExecutionOrderSort (0ms)
		DisableScriptedObjects (5ms)
		BackupInstance (0ms)
		ReleaseScriptingObjects (0ms)
		CreateAndSetChildDomain (21ms)
	RebuildCommonClasses (34ms)
	RebuildNativeTypeToScriptingClass (15ms)
	initialDomainReloadingComplete (49ms)
	LoadAllAssembliesAndSetupDomain (523ms)
		LoadAssemblies (316ms)
		RebuildTransferFunctionScriptingTraits (0ms)
		AnalyzeDomain (301ms)
			TypeCache.Refresh (280ms)
				TypeCache.ScanAssembly (209ms)
			ScanForSourceGeneratedMonoScriptInfo (16ms)
			ResolveRequiredComponents (4ms)
	FinalizeReload (889ms)
		ReleaseScriptCaches (0ms)
		RebuildScriptCaches (0ms)
		SetupLoadedEditorAssemblies (695ms)
			LogAssemblyErrors (0ms)
			InitializePlatformSupportModulesInManaged (31ms)
			SetLoadedEditorAssemblies (5ms)
			RefreshPlugins (0ms)
			BeforeProcessingInitializeOnLoad (72ms)
			ProcessInitializeOnLoadAttributes (537ms)
			ProcessInitializeOnLoadMethodAttributes (40ms)
			AfterProcessingInitializeOnLoad (10ms)
			EditorAssembliesLoaded (0ms)
		ExecutionOrderSort2 (0ms)
		AwakeInstancesAfterBackupRestoration (7ms)
Launched and connected shader compiler UnityShaderCompiler.exe after 0.07 seconds
Refreshing native plugins compatible for Editor in 3.74 ms, found 2 plugins.
Preloading 0 native plugins for Editor in 0.00 ms.
Unloading 2593 Unused Serialized files (Serialized files now loaded: 0)
Unloading 58 unused Assets / (131.0 KB). Loaded Objects now: 3071.
Memory consumption went from 114.7 MB to 114.5 MB.
Total: 3.602200 ms (FindLiveObjects: 0.197700 ms CreateObjectMapping: 0.096500 ms MarkObjects: 3.144500 ms  DeleteObjects: 0.162200 ms)

AssetImportParameters requested are different than current active one (requested -> active):
  custom:video-decoder-webm-vp8: 9c59270c3fd7afecdb556c50c9e8de78 -> 
  custom:SearchIndexIgnoredProperties: e643bd26f0fe6173181afceb89e7c659 -> 
  custom:container-demuxer-ogg: 62fdf1f143b41e24485cea50d1cbac27 -> 
  custom:AudioImporter_EditorPlatform: d09bf68614088b80899f8185d706f6e7 -> 
  custom:video-decoder-ogg-theora: a1e56fd34408186e4bbccfd4996cb3dc -> 
  custom:framework-win-MediaFoundation: 216162199b28c13a410421893ffa2e32 -> 
  custom:video-encoder-webm-vp8: eb34c28f22e8b96e1ab97ce403110664 -> 
  custom:audio-decoder-ogg-vorbis: bf7c407c2cedff20999df2af8eb42d56 -> 
  custom:CustomObjectIndexerAttribute: 756ad292c208cfabdd7b50bc23989ffe -> 
  custom:container-demuxer-webm: 4f35f7cbe854078d1ac9338744f61a02 -> 
  custom:audio-encoder-webm-vorbis: bf7c407c2cedff20999df2af8eb42d56 -> 
  custom:container-muxer-webm: aa71ff27fc2769a1b78a27578f13a17b -> 
========================================================================
Received Import Request.
  Time since last request: 930822.196220 seconds.
  path: Assets/TextMesh Pro/Resources/Style Sheets/Default Style Sheet.asset
  artifactKey: Guid(f952c082cb03451daed3ee968ac6c63e) Importer(815301076,1909f56bfc062723c751e8b465ee728b)
Start importing Assets/TextMesh Pro/Resources/Style Sheets/Default Style Sheet.asset using Guid(f952c082cb03451daed3ee968ac6c63e) Importer(815301076,1909f56bfc062723c751e8b465ee728b)  -> (artifact id: 'af00edb55e05cf3e37977090ae9927d6') in 0.018236 seconds
Number of updated asset objects reloaded before import = 0
Number of asset objects unloaded after import = 1
========================================================================
Received Import Request.
  Time since last request: 35.704806 seconds.
  path: Assets/TextMesh Pro/Examples & Extras/Fonts/ChakraPetch-Medium.ttf
  artifactKey: Guid(1f8ae51e4762bfa4dad01f442a865631) Importer(815301076,1909f56bfc062723c751e8b465ee728b)
Start importing Assets/TextMesh Pro/Examples & Extras/Fonts/ChakraPetch-Medium.ttf using Guid(1f8ae51e4762bfa4dad01f442a865631) Importer(815301076,1909f56bfc062723c751e8b465ee728b)  -> (artifact id: 'c96ee588d4bf5d9bb186160ae8737a29') in 0.094864 seconds
Number of updated asset objects reloaded before import = 0
Number of asset objects unloaded after import = 4
========================================================================
Received Import Request.
  Time since last request: 0.000035 seconds.
  path: Assets/TextMesh Pro/Examples & Extras/Fonts/MuseoModerno-VariableFont_wght.ttf
  artifactKey: Guid(86d9a2dd301469249a530a346d99dcc0) Importer(815301076,1909f56bfc062723c751e8b465ee728b)
Start importing Assets/TextMesh Pro/Examples & Extras/Fonts/MuseoModerno-VariableFont_wght.ttf using Guid(86d9a2dd301469249a530a346d99dcc0) Importer(815301076,1909f56bfc062723c751e8b465ee728b)  -> (artifact id: '3f67fd3edadec658132b671e1fd9074b') in 0.013227 seconds
Number of updated asset objects reloaded before import = 0
Number of asset objects unloaded after import = 4
========================================================================
Received Import Request.
  Time since last request: 0.000017 seconds.
  path: Assets/TextMesh Pro/Examples & Extras/Fonts/PoiretOne-Regular.ttf
  artifactKey: Guid(4e1e6a6d7ec6ad14bb4630f933b3767e) Importer(815301076,1909f56bfc062723c751e8b465ee728b)
Start importing Assets/TextMesh Pro/Examples & Extras/Fonts/PoiretOne-Regular.ttf using Guid(4e1e6a6d7ec6ad14bb4630f933b3767e) Importer(815301076,1909f56bfc062723c751e8b465ee728b)  -> (artifact id: '1e75057a9ab952dcfdc6736667c5de22') in 0.015546 seconds
Number of updated asset objects reloaded before import = 0
Number of asset objects unloaded after import = 4
========================================================================
Received Import Request.
  Time since last request: 0.000020 seconds.
  path: Assets/TextMesh Pro/Examples & Extras/Fonts/Geo-Regular.ttf
  artifactKey: Guid(02d91bd61bda4d6489b8463d7034b5bf) Importer(815301076,1909f56bfc062723c751e8b465ee728b)
Start importing Assets/TextMesh Pro/Examples & Extras/Fonts/Geo-Regular.ttf using Guid(02d91bd61bda4d6489b8463d7034b5bf) Importer(815301076,1909f56bfc062723c751e8b465ee728b)  -> (artifact id: '74319c9facf8b1cd183fee14df15b84c') in 0.019363 seconds
Number of updated asset objects reloaded before import = 0
Number of asset objects unloaded after import = 4
========================================================================
Received Import Request.
  Time since last request: 0.000031 seconds.
  path: Assets/TextMesh Pro/Examples & Extras/Fonts/Jaro-Regular-VariableFont_opsz.ttf
  artifactKey: Guid(6c2016759d44f7c43a923abb828c1f24) Importer(815301076,1909f56bfc062723c751e8b465ee728b)
Start importing Assets/TextMesh Pro/Examples & Extras/Fonts/Jaro-Regular-VariableFont_opsz.ttf using Guid(6c2016759d44f7c43a923abb828c1f24) Importer(815301076,1909f56bfc062723c751e8b465ee728b)  -> (artifact id: 'ec2f010bedc7b0e76885ea2abd12adba') in 0.016028 seconds
Number of updated asset objects reloaded before import = 0
Number of asset objects unloaded after import = 4
========================================================================
Received Import Request.
  Time since last request: 0.000028 seconds.
  path: Assets/TextMesh Pro/Examples & Extras/Fonts/Graduate-Regular.ttf
  artifactKey: Guid(3fe3a00bbdfe9fa4a99bc561f20bfcef) Importer(815301076,1909f56bfc062723c751e8b465ee728b)
Start importing Assets/TextMesh Pro/Examples & Extras/Fonts/Graduate-Regular.ttf using Guid(3fe3a00bbdfe9fa4a99bc561f20bfcef) Importer(815301076,1909f56bfc062723c751e8b465ee728b)  -> (artifact id: 'fd4ca0ae15bdee2f31346b0c76164889') in 0.014862 seconds
Number of updated asset objects reloaded before import = 0
Number of asset objects unloaded after import = 4
========================================================================
Received Import Request.
  Time since last request: 265.365452 seconds.
  path: Assets/TextMesh Pro/Examples & Extras/Resources/Fonts & Materials/Bangers.ttf
  artifactKey: Guid(16fd9e6c18169b643968c0387fc5b795) Importer(815301076,1909f56bfc062723c751e8b465ee728b)
Start importing Assets/TextMesh Pro/Examples & Extras/Resources/Fonts & Materials/Bangers.ttf using Guid(16fd9e6c18169b643968c0387fc5b795) Importer(815301076,1909f56bfc062723c751e8b465ee728b)  -> (artifact id: 'f04eceed0069d500b9d039dd1a130d3a') in 0.018851 seconds
Number of updated asset objects reloaded before import = 0
Number of asset objects unloaded after import = 4
========================================================================
Received Import Request.
  Time since last request: 0.000021 seconds.
  path: Assets/TextMesh Pro/Examples & Extras/Resources/Fonts & Materials/MuseoModerno-Italic-VariableFont_wght.ttf
  artifactKey: Guid(b4c01b7d26b990c4faa8302d03ddff72) Importer(815301076,1909f56bfc062723c751e8b465ee728b)
Start importing Assets/TextMesh Pro/Examples & Extras/Resources/Fonts & Materials/MuseoModerno-Italic-VariableFont_wght.ttf using Guid(b4c01b7d26b990c4faa8302d03ddff72) Importer(815301076,1909f56bfc062723c751e8b465ee728b)  -> (artifact id: 'e058cf1ac408a4de1c0229530916a7e4') in 0.013377 seconds
Number of updated asset objects reloaded before import = 0
Number of asset objects unloaded after import = 4
========================================================================
Received Import Request.
  Time since last request: 0.000024 seconds.
  path: Assets/TextMesh Pro/Examples & Extras/Resources/Fonts & Materials/ChakraPetch-Medium.ttf
  artifactKey: Guid(76d6bb527f61ad848a4b7b3da5b5d27e) Importer(815301076,1909f56bfc062723c751e8b465ee728b)
Start importing Assets/TextMesh Pro/Examples & Extras/Resources/Fonts & Materials/ChakraPetch-Medium.ttf using Guid(76d6bb527f61ad848a4b7b3da5b5d27e) Importer(815301076,1909f56bfc062723c751e8b465ee728b)  -> (artifact id: '47de6ff503b396a39fa1da557a9f5cb1') in 0.012029 seconds
Number of updated asset objects reloaded before import = 0
Number of asset objects unloaded after import = 4
========================================================================
Received Import Request.
  Time since last request: 0.000026 seconds.
  path: Assets/TextMesh Pro/Examples & Extras/Resources/Fonts & Materials/PoiretOne-Regular.ttf
  artifactKey: Guid(c930938ff1afd3741a6d9f5fa0b75ab6) Importer(815301076,1909f56bfc062723c751e8b465ee728b)
Start importing Assets/TextMesh Pro/Examples & Extras/Resources/Fonts & Materials/PoiretOne-Regular.ttf using Guid(c930938ff1afd3741a6d9f5fa0b75ab6) Importer(815301076,1909f56bfc062723c751e8b465ee728b)  -> (artifact id: '1ef22d7897ff6daba3cf07af6b71607c') in 0.012950 seconds
Number of updated asset objects reloaded before import = 0
Number of asset objects unloaded after import = 4
========================================================================
Received Import Request.
  Time since last request: 0.000015 seconds.
  path: Assets/TextMesh Pro/Examples & Extras/Resources/Fonts & Materials/Geo-Regular.ttf
  artifactKey: Guid(967c19a8e05d48d44a7fa30c49b3f653) Importer(815301076,1909f56bfc062723c751e8b465ee728b)
Start importing Assets/TextMesh Pro/Examples & Extras/Resources/Fonts & Materials/Geo-Regular.ttf using Guid(967c19a8e05d48d44a7fa30c49b3f653) Importer(815301076,1909f56bfc062723c751e8b465ee728b)  -> (artifact id: '597b8094f6078aab4bc6f0df837ad87d') in 0.012066 seconds
Number of updated asset objects reloaded before import = 0
Number of asset objects unloaded after import = 4
========================================================================
Received Import Request.
  Time since last request: 0.000021 seconds.
  path: Assets/TextMesh Pro/Examples & Extras/Resources/Fonts & Materials/CaesarDressing-Regular.ttf
  artifactKey: Guid(ff51b8cf2445e56408865f11b47aa1c0) Importer(815301076,1909f56bfc062723c751e8b465ee728b)
Start importing Assets/TextMesh Pro/Examples & Extras/Resources/Fonts & Materials/CaesarDressing-Regular.ttf using Guid(ff51b8cf2445e56408865f11b47aa1c0) Importer(815301076,1909f56bfc062723c751e8b465ee728b)  -> (artifact id: '1f01a39480ff0f6cf50071f7e1a347bd') in 0.011939 seconds
Number of updated asset objects reloaded before import = 0
Number of asset objects unloaded after import = 4
========================================================================
Received Import Request.
  Time since last request: 0.000018 seconds.
  path: Assets/TextMesh Pro/Examples & Extras/Resources/Fonts & Materials/Oswald Bold SDF.asset
  artifactKey: Guid(0161d805a3764c089bef00bfe00793f5) Importer(815301076,1909f56bfc062723c751e8b465ee728b)
Start importing Assets/TextMesh Pro/Examples & Extras/Resources/Fonts & Materials/Oswald Bold SDF.asset using Guid(0161d805a3764c089bef00bfe00793f5) Importer(815301076,1909f56bfc062723c751e8b465ee728b)  -> (artifact id: 'af843116a91fbdf4fc521f94df9e0d31') in 0.041976 seconds
Number of updated asset objects reloaded before import = 0
Number of asset objects unloaded after import = 6
========================================================================
Received Import Request.
  Time since last request: 379.516212 seconds.
  path: Assets/TextMesh Pro/Examples & Extras/Fonts/static/ChakraPetch-BoldItalic.ttf
  artifactKey: Guid(c328ef5ec6722104d91d96a93f50fbfd) Importer(815301076,1909f56bfc062723c751e8b465ee728b)
Start importing Assets/TextMesh Pro/Examples & Extras/Fonts/static/ChakraPetch-BoldItalic.ttf using Guid(c328ef5ec6722104d91d96a93f50fbfd) Importer(815301076,1909f56bfc062723c751e8b465ee728b)  -> (artifact id: '2df0b72962c065a681c048b594aec949') in 0.019054 seconds
Number of updated asset objects reloaded before import = 0
Number of asset objects unloaded after import = 4
========================================================================
Received Import Request.
  Time since last request: 0.000023 seconds.
  path: Assets/TextMesh Pro/Examples & Extras/Fonts/static/MuseoModerno-MediumItalic.ttf
  artifactKey: Guid(3d0c195be6d2bcf469b56cfbd11874b7) Importer(815301076,1909f56bfc062723c751e8b465ee728b)
Start importing Assets/TextMesh Pro/Examples & Extras/Fonts/static/MuseoModerno-MediumItalic.ttf using Guid(3d0c195be6d2bcf469b56cfbd11874b7) Importer(815301076,1909f56bfc062723c751e8b465ee728b)  -> (artifact id: '2694fa8a86ba7df468b558b0c5559802') in 0.017401 seconds
Number of updated asset objects reloaded before import = 0
Number of asset objects unloaded after import = 4
========================================================================
Received Import Request.
  Time since last request: 0.000022 seconds.
  path: Assets/TextMesh Pro/Examples & Extras/Fonts/static/static/Jaro_24pt-Regular.ttf
  artifactKey: Guid(314ad20b2b7f4214ab005eed3637bfea) Importer(815301076,1909f56bfc062723c751e8b465ee728b)
Start importing Assets/TextMesh Pro/Examples & Extras/Fonts/static/static/Jaro_24pt-Regular.ttf using Guid(314ad20b2b7f4214ab005eed3637bfea) Importer(815301076,1909f56bfc062723c751e8b465ee728b)  -> (artifact id: '87249c5c1906729101e3226d3cb871e8') in 0.017144 seconds
Number of updated asset objects reloaded before import = 0
Number of asset objects unloaded after import = 4
========================================================================
Received Import Request.
  Time since last request: 0.000037 seconds.
  path: Assets/TextMesh Pro/Examples & Extras/Fonts/static/Jaro_9pt-Regular.ttf
  artifactKey: Guid(4a95dcaab1ad2ae458ef1932f1f060df) Importer(815301076,1909f56bfc062723c751e8b465ee728b)
Start importing Assets/TextMesh Pro/Examples & Extras/Fonts/static/Jaro_9pt-Regular.ttf using Guid(4a95dcaab1ad2ae458ef1932f1f060df) Importer(815301076,1909f56bfc062723c751e8b465ee728b)  -> (artifact id: '757eea85eb2cdf575900a09c0d883617') in 0.016685 seconds
Number of updated asset objects reloaded before import = 0
Number of asset objects unloaded after import = 4
========================================================================
Received Import Request.
  Time since last request: 0.000025 seconds.
  path: Assets/TextMesh Pro/Examples & Extras/Fonts/static/static/Jaro_60pt-Regular.ttf
  artifactKey: Guid(f660e55803d7eff4685068815c5d34a7) Importer(815301076,1909f56bfc062723c751e8b465ee728b)
Start importing Assets/TextMesh Pro/Examples & Extras/Fonts/static/static/Jaro_60pt-Regular.ttf using Guid(f660e55803d7eff4685068815c5d34a7) Importer(815301076,1909f56bfc062723c751e8b465ee728b)  -> (artifact id: '1e4b787a1d7a341905d705af4fdb7263') in 0.022991 seconds
Number of updated asset objects reloaded before import = 0
Number of asset objects unloaded after import = 4
========================================================================
Received Import Request.
  Time since last request: 0.000019 seconds.
  path: Assets/TextMesh Pro/Examples & Extras/Fonts/static/ChakraPetch-Italic.ttf
  artifactKey: Guid(df927e822ff8f09418f8ad9931dfa73b) Importer(815301076,1909f56bfc062723c751e8b465ee728b)
Start importing Assets/TextMesh Pro/Examples & Extras/Fonts/static/ChakraPetch-Italic.ttf using Guid(df927e822ff8f09418f8ad9931dfa73b) Importer(815301076,1909f56bfc062723c751e8b465ee728b)  -> (artifact id: '3aaaa4b551cae433922c47c587dd5077') in 0.019687 seconds
Number of updated asset objects reloaded before import = 0
Number of asset objects unloaded after import = 4
========================================================================
Received Import Request.
  Time since last request: 0.000042 seconds.
  path: Assets/TextMesh Pro/Examples & Extras/Fonts/static/MuseoModerno-Black.ttf
  artifactKey: Guid(d9f24c11e8fb47340bb18431340c497b) Importer(815301076,1909f56bfc062723c751e8b465ee728b)
Start importing Assets/TextMesh Pro/Examples & Extras/Fonts/static/MuseoModerno-Black.ttf using Guid(d9f24c11e8fb47340bb18431340c497b) Importer(815301076,1909f56bfc062723c751e8b465ee728b)  -> (artifact id: 'e8cea930db4fcb2f6e86dde8f2029d25') in 0.014390 seconds
Number of updated asset objects reloaded before import = 0
Number of asset objects unloaded after import = 4
========================================================================
Received Import Request.
  Time since last request: 0.000020 seconds.
  path: Assets/TextMesh Pro/Examples & Extras/Fonts/static/Jaro-Regular.ttf
  artifactKey: Guid(a9b649a4c21f830438b91221d3125634) Importer(815301076,1909f56bfc062723c751e8b465ee728b)
Start importing Assets/TextMesh Pro/Examples & Extras/Fonts/static/Jaro-Regular.ttf using Guid(a9b649a4c21f830438b91221d3125634) Importer(815301076,1909f56bfc062723c751e8b465ee728b)  -> (artifact id: 'b33d39a5e9e953945acba2ec07805c14') in 0.020052 seconds
Number of updated asset objects reloaded before import = 0
Number of asset objects unloaded after import = 4
========================================================================
Received Import Request.
  Time since last request: 0.000018 seconds.
  path: Assets/TextMesh Pro/Examples & Extras/Fonts/static/MuseoModerno-Bold.ttf
  artifactKey: Guid(c9f4492c5f32d51489baa2b4b3b3c40e) Importer(815301076,1909f56bfc062723c751e8b465ee728b)
Start importing Assets/TextMesh Pro/Examples & Extras/Fonts/static/MuseoModerno-Bold.ttf using Guid(c9f4492c5f32d51489baa2b4b3b3c40e) Importer(815301076,1909f56bfc062723c751e8b465ee728b)  -> (artifact id: '2190dfddfb14c5a564b51939611d4519') in 0.023142 seconds
Number of updated asset objects reloaded before import = 0
Number of asset objects unloaded after import = 4
========================================================================
Received Import Request.
  Time since last request: 0.000029 seconds.
  path: Assets/TextMesh Pro/Examples & Extras/Fonts/static/static/Jaro_36pt-Regular.ttf
  artifactKey: Guid(f6fad3086c98fb64793cbc397313eda7) Importer(815301076,1909f56bfc062723c751e8b465ee728b)
Start importing Assets/TextMesh Pro/Examples & Extras/Fonts/static/static/Jaro_36pt-Regular.ttf using Guid(f6fad3086c98fb64793cbc397313eda7) Importer(815301076,1909f56bfc062723c751e8b465ee728b)  -> (artifact id: 'c98aaded80fd01017b5f60fa479a402e') in 0.017621 seconds
Number of updated asset objects reloaded before import = 0
Number of asset objects unloaded after import = 4
========================================================================
Received Import Request.
  Time since last request: 0.000019 seconds.
  path: Assets/TextMesh Pro/Examples & Extras/Fonts/static/MuseoModerno-ExtraLight.ttf
  artifactKey: Guid(7aa3ccfa766bf934daf9655a961bf54f) Importer(815301076,1909f56bfc062723c751e8b465ee728b)
Start importing Assets/TextMesh Pro/Examples & Extras/Fonts/static/MuseoModerno-ExtraLight.ttf using Guid(7aa3ccfa766bf934daf9655a961bf54f) Importer(815301076,1909f56bfc062723c751e8b465ee728b)  -> (artifact id: '77f4d76afc24988a13523212c0ca1511') in 0.019485 seconds
Number of updated asset objects reloaded before import = 0
Number of asset objects unloaded after import = 4
========================================================================
Received Import Request.
  Time since last request: 0.002679 seconds.
  path: Assets/TextMesh Pro/Examples & Extras/Fonts/static/ChakraPetch-MediumItalic.ttf
  artifactKey: Guid(fba0bc4d6dff28b4d8d537d9eddc991e) Importer(815301076,1909f56bfc062723c751e8b465ee728b)
Start importing Assets/TextMesh Pro/Examples & Extras/Fonts/static/ChakraPetch-MediumItalic.ttf using Guid(fba0bc4d6dff28b4d8d537d9eddc991e) Importer(815301076,1909f56bfc062723c751e8b465ee728b)  -> (artifact id: '92365951a566c93271dc06523c51aadc') in 0.015635 seconds
Number of updated asset objects reloaded before import = 0
Number of asset objects unloaded after import = 4
========================================================================
Received Import Request.
  Time since last request: 0.000014 seconds.
  path: Assets/TextMesh Pro/Examples & Extras/Fonts/static/MuseoModerno-Light.ttf
  artifactKey: Guid(04b7089ec1c54e3439eedd4f42cf86c8) Importer(815301076,1909f56bfc062723c751e8b465ee728b)
Start importing Assets/TextMesh Pro/Examples & Extras/Fonts/static/MuseoModerno-Light.ttf using Guid(04b7089ec1c54e3439eedd4f42cf86c8) Importer(815301076,1909f56bfc062723c751e8b465ee728b)  -> (artifact id: '25bf9e58ab9f4edf5cbc9a9deb20e086') in 0.024658 seconds
Number of updated asset objects reloaded before import = 0
Number of asset objects unloaded after import = 4
========================================================================
Received Import Request.
  Time since last request: 0.000026 seconds.
  path: Assets/TextMesh Pro/Examples & Extras/Fonts/static/Jaro_24pt-Regular.ttf
  artifactKey: Guid(c32de0679598dd643a71a0fa55123e37) Importer(815301076,1909f56bfc062723c751e8b465ee728b)
Start importing Assets/TextMesh Pro/Examples & Extras/Fonts/static/Jaro_24pt-Regular.ttf using Guid(c32de0679598dd643a71a0fa55123e37) Importer(815301076,1909f56bfc062723c751e8b465ee728b)  -> (artifact id: '531d4893d038f02d5b637917c3f43712') in 0.025968 seconds
Number of updated asset objects reloaded before import = 0
Number of asset objects unloaded after import = 4
========================================================================
Received Import Request.
  Time since last request: 0.000022 seconds.
  path: Assets/TextMesh Pro/Examples & Extras/Fonts/static/MuseoModerno-ExtraBold.ttf
  artifactKey: Guid(d0e9061ccde231641bff4196e9e1a729) Importer(815301076,1909f56bfc062723c751e8b465ee728b)
Start importing Assets/TextMesh Pro/Examples & Extras/Fonts/static/MuseoModerno-ExtraBold.ttf using Guid(d0e9061ccde231641bff4196e9e1a729) Importer(815301076,1909f56bfc062723c751e8b465ee728b)  -> (artifact id: '053573b212a6797ad11efa18c1773d76') in 0.010192 seconds
Number of updated asset objects reloaded before import = 0
Number of asset objects unloaded after import = 4
========================================================================
Received Import Request.
  Time since last request: 0.000021 seconds.
  path: Assets/TextMesh Pro/Examples & Extras/Fonts/static/MuseoModerno-ExtraLightItalic.ttf
  artifactKey: Guid(dadea8ec7ae31c0418357f42c1eb4855) Importer(815301076,1909f56bfc062723c751e8b465ee728b)
Start importing Assets/TextMesh Pro/Examples & Extras/Fonts/static/MuseoModerno-ExtraLightItalic.ttf using Guid(dadea8ec7ae31c0418357f42c1eb4855) Importer(815301076,1909f56bfc062723c751e8b465ee728b)  -> (artifact id: '4e12d97ff683a2815fd6b52307e12ffe') in 0.009684 seconds
Number of updated asset objects reloaded before import = 0
Number of asset objects unloaded after import = 4
========================================================================
Received Import Request.
  Time since last request: 0.000015 seconds.
  path: Assets/TextMesh Pro/Examples & Extras/Fonts/static/MuseoModerno-Medium.ttf
  artifactKey: Guid(3cc0963de9f26a045ab06ccb943201fa) Importer(815301076,1909f56bfc062723c751e8b465ee728b)
Start importing Assets/TextMesh Pro/Examples & Extras/Fonts/static/MuseoModerno-Medium.ttf using Guid(3cc0963de9f26a045ab06ccb943201fa) Importer(815301076,1909f56bfc062723c751e8b465ee728b)  -> (artifact id: '496319db8daeb6a0cce6270b028693d2') in 0.010458 seconds
Number of updated asset objects reloaded before import = 0
Number of asset objects unloaded after import = 4
========================================================================
Received Import Request.
  Time since last request: 0.000020 seconds.
  path: Assets/TextMesh Pro/Examples & Extras/Fonts/static/MuseoModerno-Thin.ttf
  artifactKey: Guid(e16c7ae8272cce34f9d45f361d817020) Importer(815301076,1909f56bfc062723c751e8b465ee728b)
Start importing Assets/TextMesh Pro/Examples & Extras/Fonts/static/MuseoModerno-Thin.ttf using Guid(e16c7ae8272cce34f9d45f361d817020) Importer(815301076,1909f56bfc062723c751e8b465ee728b)  -> (artifact id: '177bde41c5ec857b2fd40c951e54f870') in 0.010089 seconds
Number of updated asset objects reloaded before import = 0
Number of asset objects unloaded after import = 4
========================================================================
Received Import Request.
  Time since last request: 1.967701 seconds.
  path: Assets/TextMesh Pro/Examples & Extras/Fonts/static/Orbitron-Bold.ttf
  artifactKey: Guid(3ec650cf3dbf7454398322ad79f922b0) Importer(815301076,1909f56bfc062723c751e8b465ee728b)
Start importing Assets/TextMesh Pro/Examples & Extras/Fonts/static/Orbitron-Bold.ttf using Guid(3ec650cf3dbf7454398322ad79f922b0) Importer(815301076,1909f56bfc062723c751e8b465ee728b)  -> (artifact id: '22d5cd809ea666245f4593c08f97d758') in 0.012919 seconds
Number of updated asset objects reloaded before import = 0
Number of asset objects unloaded after import = 4
========================================================================
Received Import Request.
  Time since last request: 0.000041 seconds.
  path: Assets/TextMesh Pro/Examples & Extras/Fonts/static/Orbitron-Medium.ttf
  artifactKey: Guid(923131d2e339e2547b1b09f267d21764) Importer(815301076,1909f56bfc062723c751e8b465ee728b)
Start importing Assets/TextMesh Pro/Examples & Extras/Fonts/static/Orbitron-Medium.ttf using Guid(923131d2e339e2547b1b09f267d21764) Importer(815301076,1909f56bfc062723c751e8b465ee728b)  -> (artifact id: '3324c8e1e5750afb02444b961544ff9d') in 0.014945 seconds
Number of updated asset objects reloaded before import = 0
Number of asset objects unloaded after import = 4
========================================================================
Received Import Request.
  Time since last request: 0.000018 seconds.
  path: Assets/TextMesh Pro/Examples & Extras/Fonts/static/Orbitron-ExtraBold.ttf
  artifactKey: Guid(11b611c8d8b1cb248bcb97cabca3e025) Importer(815301076,1909f56bfc062723c751e8b465ee728b)
Start importing Assets/TextMesh Pro/Examples & Extras/Fonts/static/Orbitron-ExtraBold.ttf using Guid(11b611c8d8b1cb248bcb97cabca3e025) Importer(815301076,1909f56bfc062723c751e8b465ee728b)  -> (artifact id: '60464d2a7cbc50010b0968ade47aa93c') in 0.014349 seconds
Number of updated asset objects reloaded before import = 0
Number of asset objects unloaded after import = 4
========================================================================
Received Import Request.
  Time since last request: 107.166861 seconds.
  path: Assets/TextMesh Pro/Examples & Extras/Fonts/New Folder/Geo-Regular SDF.asset
  artifactKey: Guid(75aaaa2f40f7c384b85b3c55c7b28c5a) Importer(815301076,1909f56bfc062723c751e8b465ee728b)
Start importing Assets/TextMesh Pro/Examples & Extras/Fonts/New Folder/Geo-Regular SDF.asset using Guid(75aaaa2f40f7c384b85b3c55c7b28c5a) Importer(815301076,1909f56bfc062723c751e8b465ee728b)  -> (artifact id: '4bdb08362ca85a4f93b6f6debd94f2f3') in 0.027926 seconds
Number of updated asset objects reloaded before import = 0
Number of asset objects unloaded after import = 6
========================================================================
Received Import Request.
  Time since last request: 554.577113 seconds.
  path: Assets/TextMesh Pro/Examples & Extras/Fonts/Bangers SDF.asset
  artifactKey: Guid(c3f0e1f6c22cbc94a8e8e0c7cadba03e) Importer(815301076,1909f56bfc062723c751e8b465ee728b)
Start importing Assets/TextMesh Pro/Examples & Extras/Fonts/Bangers SDF.asset using Guid(c3f0e1f6c22cbc94a8e8e0c7cadba03e) Importer(815301076,1909f56bfc062723c751e8b465ee728b)  -> (artifact id: 'db557321b18800648f168c0faf1ecbd2') in 0.031534 seconds
Number of updated asset objects reloaded before import = 0
Number of asset objects unloaded after import = 6
========================================================================
Received Import Request.
  Time since last request: 0.000034 seconds.
  path: Assets/TextMesh Pro/Examples & Extras/Fonts/ChakraPetch-Regular SDF.asset
  artifactKey: Guid(5f7006120bce5724dadd93a54481bdc4) Importer(815301076,1909f56bfc062723c751e8b465ee728b)
Start importing Assets/TextMesh Pro/Examples & Extras/Fonts/ChakraPetch-Regular SDF.asset using Guid(5f7006120bce5724dadd93a54481bdc4) Importer(815301076,1909f56bfc062723c751e8b465ee728b)  -> (artifact id: 'c65cb22d19edf85bd5ad886c4973f287') in 0.038135 seconds
Number of updated asset objects reloaded before import = 0
Number of asset objects unloaded after import = 6
========================================================================
Received Import Request.
  Time since last request: 0.000017 seconds.
  path: Assets/TextMesh Pro/Examples & Extras/Fonts/Graduate-Regular SDF.asset
  artifactKey: Guid(04e1460bfa7bcf24c9d0436a8162fd3e) Importer(815301076,1909f56bfc062723c751e8b465ee728b)
Start importing Assets/TextMesh Pro/Examples & Extras/Fonts/Graduate-Regular SDF.asset using Guid(04e1460bfa7bcf24c9d0436a8162fd3e) Importer(815301076,1909f56bfc062723c751e8b465ee728b)  -> (artifact id: '077df49a436e41d48ce1525bd32ce0db') in 0.027992 seconds
Number of updated asset objects reloaded before import = 0
Number of asset objects unloaded after import = 6
========================================================================
Received Import Request.
  Time since last request: 0.000019 seconds.
  path: Assets/TextMesh Pro/Examples & Extras/Fonts/Geo-Italic SDF.asset
  artifactKey: Guid(eefc1fce6608df240a57195998c01664) Importer(815301076,1909f56bfc062723c751e8b465ee728b)
Start importing Assets/TextMesh Pro/Examples & Extras/Fonts/Geo-Italic SDF.asset using Guid(eefc1fce6608df240a57195998c01664) Importer(815301076,1909f56bfc062723c751e8b465ee728b)  -> (artifact id: '6ba47ddfd6a89aeb4377bb0512ebce1a') in 0.028890 seconds
Number of updated asset objects reloaded before import = 0
Number of asset objects unloaded after import = 6
========================================================================
Received Import Request.
  Time since last request: 0.000016 seconds.
  path: Assets/TextMesh Pro/Examples & Extras/Fonts/Electronic Highway Sign SDF.asset
  artifactKey: Guid(9817782488749aa43b09203703938537) Importer(815301076,1909f56bfc062723c751e8b465ee728b)
Start importing Assets/TextMesh Pro/Examples & Extras/Fonts/Electronic Highway Sign SDF.asset using Guid(9817782488749aa43b09203703938537) Importer(815301076,1909f56bfc062723c751e8b465ee728b)  -> (artifact id: '561a16078edf7d91079b0fc8e547e5cf') in 0.041967 seconds
Number of updated asset objects reloaded before import = 0
Number of asset objects unloaded after import = 6
========================================================================
Received Import Request.
  Time since last request: 0.000022 seconds.
  path: Assets/TextMesh Pro/Examples & Extras/Fonts/CaesarDressing-Regular SDF.asset
  artifactKey: Guid(00d262530ae891b4a93405bc57d40b14) Importer(815301076,1909f56bfc062723c751e8b465ee728b)
Start importing Assets/TextMesh Pro/Examples & Extras/Fonts/CaesarDressing-Regular SDF.asset using Guid(00d262530ae891b4a93405bc57d40b14) Importer(815301076,1909f56bfc062723c751e8b465ee728b)  -> (artifact id: '90561d015c533b36b9ec763a78bee1c3') in 0.027186 seconds
Number of updated asset objects reloaded before import = 0
Number of asset objects unloaded after import = 6
========================================================================
Received Import Request.
  Time since last request: 0.000022 seconds.
  path: Assets/TextMesh Pro/Examples & Extras/Fonts/ChakraPetch-Medium SDF.asset
  artifactKey: Guid(cce07f051072627419676763ad7515bf) Importer(815301076,1909f56bfc062723c751e8b465ee728b)
Start importing Assets/TextMesh Pro/Examples & Extras/Fonts/ChakraPetch-Medium SDF.asset using Guid(cce07f051072627419676763ad7515bf) Importer(815301076,1909f56bfc062723c751e8b465ee728b)  -> (artifact id: '3aa4e5aaaf24615ee06572d77b4eebfe') in 0.030683 seconds
Number of updated asset objects reloaded before import = 0
Number of asset objects unloaded after import = 6
========================================================================
Received Import Request.
  Time since last request: 0.000037 seconds.
  path: Assets/TextMesh Pro/Examples & Extras/Fonts/Roboto-Bold SDF.asset
  artifactKey: Guid(370997d592461f64fab7112d35c07481) Importer(815301076,1909f56bfc062723c751e8b465ee728b)
Start importing Assets/TextMesh Pro/Examples & Extras/Fonts/Roboto-Bold SDF.asset using Guid(370997d592461f64fab7112d35c07481) Importer(815301076,1909f56bfc062723c751e8b465ee728b)  -> (artifact id: 'a2cf3a19abe55197bc51e07b19090940') in 0.020824 seconds
Number of updated asset objects reloaded before import = 0
Number of asset objects unloaded after import = 6
========================================================================
Received Import Request.
  Time since last request: 251.901935 seconds.
  path: Assets/TextMesh Pro/Examples & Extras/Fonts/OdibeeSans-Regular SDF.asset
  artifactKey: Guid(13e8ac4f93f5e184980fbac6f93dcbf5) Importer(815301076,1909f56bfc062723c751e8b465ee728b)
Start importing Assets/TextMesh Pro/Examples & Extras/Fonts/OdibeeSans-Regular SDF.asset using Guid(13e8ac4f93f5e184980fbac6f93dcbf5) Importer(815301076,1909f56bfc062723c751e8b465ee728b)  -> (artifact id: 'cda5b9ea8603a4f9c254566058076898') in 0.025107 seconds
Number of updated asset objects reloaded before import = 0
Number of asset objects unloaded after import = 6
