Using pre-set license
Built from '2022.3/staging' branch; Version is '2022.3.7f1 (b16b3b16c7a0) revision 11627323'; Using compiler version '192829333'; Build Type 'Release'
OS: 'Windows 10  (10.0.19045) 64bit Core' Language: 'ru' Physical Memory: 16179 MB
BatchMode: 1, IsHumanControllingUs: 0, StartBugReporterOnCrash: 0, Is64bit: 1, IsPro: 1

COMMAND LINE ARGUMENTS:
C:\Program Files\Unity\Hub\Editor\2022.3.7f1\Editor\Unity.exe
-adb2
-batchMode
-noUpm
-name
AssetImportWorker2
-projectPath
C:/Users/dyene/Documents/Programming/Unity/Testfield
-logFile
Logs/AssetImportWorker2.log
-srvPort
62984
Successfully changed project path to: C:/Users/dyene/Documents/Programming/Unity/Testfield
C:/Users/dyene/Documents/Programming/Unity/Testfield
[UnityMemory] Configuration Parameters - Can be set up in boot.config
    "memorysetup-bucket-allocator-granularity=16"
    "memorysetup-bucket-allocator-bucket-count=8"
    "memorysetup-bucket-allocator-block-size=33554432"
    "memorysetup-bucket-allocator-block-count=8"
    "memorysetup-main-allocator-block-size=16777216"
    "memorysetup-thread-allocator-block-size=16777216"
    "memorysetup-gfx-main-allocator-block-size=16777216"
    "memorysetup-gfx-thread-allocator-block-size=16777216"
    "memorysetup-cache-allocator-block-size=4194304"
    "memorysetup-typetree-allocator-block-size=2097152"
    "memorysetup-profiler-bucket-allocator-granularity=16"
    "memorysetup-profiler-bucket-allocator-bucket-count=8"
    "memorysetup-profiler-bucket-allocator-block-size=33554432"
    "memorysetup-profiler-bucket-allocator-block-count=8"
    "memorysetup-profiler-allocator-block-size=16777216"
    "memorysetup-profiler-editor-allocator-block-size=1048576"
    "memorysetup-temp-allocator-size-main=16777216"
    "memorysetup-job-temp-allocator-block-size=2097152"
    "memorysetup-job-temp-allocator-block-size-background=1048576"
    "memorysetup-job-temp-allocator-reduction-small-platforms=262144"
    "memorysetup-allocator-temp-initial-block-size-main=262144"
    "memorysetup-allocator-temp-initial-block-size-worker=262144"
    "memorysetup-temp-allocator-size-background-worker=32768"
    "memorysetup-temp-allocator-size-job-worker=262144"
    "memorysetup-temp-allocator-size-preload-manager=33554432"
    "memorysetup-temp-allocator-size-nav-mesh-worker=65536"
    "memorysetup-temp-allocator-size-audio-worker=65536"
    "memorysetup-temp-allocator-size-cloud-worker=32768"
    "memorysetup-temp-allocator-size-gi-baking-worker=262144"
    "memorysetup-temp-allocator-size-gfx=262144"
Player connection [26628] Host "[IP] 192.168.56.1 [Port] 0 [Flags] 2 [Guid] 2842592238 [EditorId] 2842592238 [Version] 1048832 [Id] WindowsEditor(7,DESKTOP-GEAI9A4) [Debug] 1 [PackageName] WindowsEditor [ProjectName] Editor" joined multi-casting on [225.0.0.222:54997]...

Player connection [26628] Host "[IP] 192.168.56.1 [Port] 0 [Flags] 2 [Guid] 2842592238 [EditorId] 2842592238 [Version] 1048832 [Id] WindowsEditor(7,DESKTOP-GEAI9A4) [Debug] 1 [PackageName] WindowsEditor [ProjectName] Editor" joined alternative multi-casting on [225.0.0.222:34997]...

Refreshing native plugins compatible for Editor in 57.79 ms, found 2 plugins.
Preloading 0 native plugins for Editor in 0.00 ms.
Initialize engine version: 2022.3.7f1 (b16b3b16c7a0)
[Subsystems] Discovering subsystems at path C:/Program Files/Unity/Hub/Editor/2022.3.7f1/Editor/Data/Resources/UnitySubsystems
[Subsystems] Discovering subsystems at path C:/Users/dyene/Documents/Programming/Unity/Testfield/Assets
GfxDevice: creating device client; threaded=0; jobified=0
Direct3D:
    Version:  Direct3D 11.0 [level 11.1]
    Renderer: NVIDIA GeForce RTX 3050 Laptop GPU (ID=0x25a5)
    Vendor:   NVIDIA
    VRAM:     3964 MB
    Driver:   31.0.15.5161
Initialize mono
Mono path[0] = 'C:/Program Files/Unity/Hub/Editor/2022.3.7f1/Editor/Data/Managed'
Mono path[1] = 'C:/Program Files/Unity/Hub/Editor/2022.3.7f1/Editor/Data/MonoBleedingEdge/lib/mono/unityjit-win32'
Mono config path = 'C:/Program Files/Unity/Hub/Editor/2022.3.7f1/Editor/Data/MonoBleedingEdge/etc'
Using monoOptions --debugger-agent=transport=dt_socket,embedding=1,server=y,suspend=n,address=127.0.0.1:56240
Begin MonoManager ReloadAssembly
Registering precompiled unity dll's ...
Register platform support module: C:/Program Files/Unity/Hub/Editor/2022.3.7f1/Editor/Data/PlaybackEngines/WebGLSupport/UnityEditor.WebGL.Extensions.dll
Register platform support module: C:/Program Files/Unity/Hub/Editor/2022.3.7f1/Editor/Data/PlaybackEngines/AndroidPlayer/UnityEditor.Android.Extensions.dll
Register platform support module: C:/Program Files/Unity/Hub/Editor/2022.3.7f1/Editor/Data/PlaybackEngines/WindowsStandaloneSupport/UnityEditor.WindowsStandalone.Extensions.dll
Registered in 0.014990 seconds.
- Loaded All Assemblies, in  0.881 seconds
Native extension for WindowsStandalone target not found
Native extension for Android target not found
Android Extension - Scanning For ADB Devices 410 ms
Native extension for WebGL target not found
Mono: successfully reloaded assembly
- Finished resetting the current domain, in  0.775 seconds
Domain Reload Profiling: 1655ms
	BeginReloadAssembly (117ms)
		ExecutionOrderSort (0ms)
		DisableScriptedObjects (0ms)
		BackupInstance (0ms)
		ReleaseScriptingObjects (0ms)
		CreateAndSetChildDomain (1ms)
	RebuildCommonClasses (191ms)
	RebuildNativeTypeToScriptingClass (10ms)
	initialDomainReloadingComplete (67ms)
	LoadAllAssembliesAndSetupDomain (495ms)
		LoadAssemblies (115ms)
		RebuildTransferFunctionScriptingTraits (0ms)
		AnalyzeDomain (492ms)
			TypeCache.Refresh (491ms)
				TypeCache.ScanAssembly (474ms)
			ScanForSourceGeneratedMonoScriptInfo (0ms)
			ResolveRequiredComponents (0ms)
	FinalizeReload (776ms)
		ReleaseScriptCaches (0ms)
		RebuildScriptCaches (0ms)
		SetupLoadedEditorAssemblies (710ms)
			LogAssemblyErrors (0ms)
			InitializePlatformSupportModulesInManaged (548ms)
			SetLoadedEditorAssemblies (4ms)
			RefreshPlugins (0ms)
			BeforeProcessingInitializeOnLoad (2ms)
			ProcessInitializeOnLoadAttributes (95ms)
			ProcessInitializeOnLoadMethodAttributes (61ms)
			AfterProcessingInitializeOnLoad (0ms)
			EditorAssembliesLoaded (0ms)
		ExecutionOrderSort2 (0ms)
		AwakeInstancesAfterBackupRestoration (0ms)
========================================================================
Worker process is ready to serve import requests
Begin MonoManager ReloadAssembly
- Loaded All Assemblies, in  0.778 seconds
Refreshing native plugins compatible for Editor in 2.91 ms, found 2 plugins.
Native extension for WindowsStandalone target not found
Native extension for Android target not found
Native extension for WebGL target not found
Package Manager log level set to [2]
[Package Manager] Server::EnsureServerProcessIsRunning -- launch failed, reason: Unity was launched with the -noUpm command-line argument
[Package Manager] UpmClient::Send -- Unable to send message (not connected to UPM process).
[Package Manager] Cannot connect to Unity Package Manager local server
Mono: successfully reloaded assembly
- Finished resetting the current domain, in  0.892 seconds
Domain Reload Profiling: 1666ms
	BeginReloadAssembly (164ms)
		ExecutionOrderSort (0ms)
		DisableScriptedObjects (5ms)
		BackupInstance (0ms)
		ReleaseScriptingObjects (0ms)
		CreateAndSetChildDomain (26ms)
	RebuildCommonClasses (38ms)
	RebuildNativeTypeToScriptingClass (17ms)
	initialDomainReloadingComplete (44ms)
	LoadAllAssembliesAndSetupDomain (510ms)
		LoadAssemblies (315ms)
		RebuildTransferFunctionScriptingTraits (0ms)
		AnalyzeDomain (293ms)
			TypeCache.Refresh (269ms)
				TypeCache.ScanAssembly (206ms)
			ScanForSourceGeneratedMonoScriptInfo (18ms)
			ResolveRequiredComponents (5ms)
	FinalizeReload (893ms)
		ReleaseScriptCaches (0ms)
		RebuildScriptCaches (0ms)
		SetupLoadedEditorAssemblies (695ms)
			LogAssemblyErrors (0ms)
			InitializePlatformSupportModulesInManaged (27ms)
			SetLoadedEditorAssemblies (5ms)
			RefreshPlugins (0ms)
			BeforeProcessingInitializeOnLoad (71ms)
			ProcessInitializeOnLoadAttributes (544ms)
			ProcessInitializeOnLoadMethodAttributes (36ms)
			AfterProcessingInitializeOnLoad (11ms)
			EditorAssembliesLoaded (0ms)
		ExecutionOrderSort2 (0ms)
		AwakeInstancesAfterBackupRestoration (6ms)
Launched and connected shader compiler UnityShaderCompiler.exe after 0.05 seconds
Refreshing native plugins compatible for Editor in 3.96 ms, found 2 plugins.
Preloading 0 native plugins for Editor in 0.00 ms.
Unloading 2593 Unused Serialized files (Serialized files now loaded: 0)
Unloading 58 unused Assets / (131.0 KB). Loaded Objects now: 3071.
Memory consumption went from 114.6 MB to 114.5 MB.
Total: 3.767300 ms (FindLiveObjects: 0.218600 ms CreateObjectMapping: 0.110100 ms MarkObjects: 3.281700 ms  DeleteObjects: 0.155800 ms)

AssetImportParameters requested are different than current active one (requested -> active):
  custom:video-decoder-webm-vp8: 9c59270c3fd7afecdb556c50c9e8de78 -> 
  custom:SearchIndexIgnoredProperties: e643bd26f0fe6173181afceb89e7c659 -> 
  custom:container-demuxer-ogg: 62fdf1f143b41e24485cea50d1cbac27 -> 
  custom:AudioImporter_EditorPlatform: d09bf68614088b80899f8185d706f6e7 -> 
  custom:video-decoder-ogg-theora: a1e56fd34408186e4bbccfd4996cb3dc -> 
  custom:framework-win-MediaFoundation: 216162199b28c13a410421893ffa2e32 -> 
  custom:video-encoder-webm-vp8: eb34c28f22e8b96e1ab97ce403110664 -> 
  custom:audio-decoder-ogg-vorbis: bf7c407c2cedff20999df2af8eb42d56 -> 
  custom:CustomObjectIndexerAttribute: 756ad292c208cfabdd7b50bc23989ffe -> 
  custom:container-demuxer-webm: 4f35f7cbe854078d1ac9338744f61a02 -> 
  custom:audio-encoder-webm-vorbis: bf7c407c2cedff20999df2af8eb42d56 -> 
  custom:container-muxer-webm: aa71ff27fc2769a1b78a27578f13a17b -> 
========================================================================
Received Import Request.
  Time since last request: 930822.196775 seconds.
  path: Assets/TextMesh Pro/Examples & Extras/Resources/Sprite Assets/Default Sprite Asset.asset
  artifactKey: Guid(fbef3c704dce48f08a44612d6c856c8d) Importer(815301076,1909f56bfc062723c751e8b465ee728b)
Start importing Assets/TextMesh Pro/Examples & Extras/Resources/Sprite Assets/Default Sprite Asset.asset using Guid(fbef3c704dce48f08a44612d6c856c8d) Importer(815301076,1909f56bfc062723c751e8b465ee728b)  -> (artifact id: '8d1dc1ae3b814ac1122d0db262b02ec3') in 0.015997 seconds
Number of updated asset objects reloaded before import = 0
Number of asset objects unloaded after import = 3
========================================================================
Received Import Request.
  Time since last request: 4.088991 seconds.
  path: Assets/TextMesh Pro/Examples & Extras/Fonts/Anton OFL.txt
  artifactKey: Guid(73a79399807f4e8388c2cbb5494681ca) Importer(815301076,1909f56bfc062723c751e8b465ee728b)
Start importing Assets/TextMesh Pro/Examples & Extras/Fonts/Anton OFL.txt using Guid(73a79399807f4e8388c2cbb5494681ca) Importer(815301076,1909f56bfc062723c751e8b465ee728b)  -> (artifact id: 'e692295d9eead4f7af35d41dc6d3b73e') in 0.001121 seconds
Number of updated asset objects reloaded before import = 0
Number of asset objects unloaded after import = 1
========================================================================
Received Import Request.
  Time since last request: 31.611244 seconds.
  path: Assets/TextMesh Pro/Examples & Extras/Fonts/CaesarDressing-Regular.ttf
  artifactKey: Guid(db890aca348ea7540a4af26ac1f06ad2) Importer(815301076,1909f56bfc062723c751e8b465ee728b)
Start importing Assets/TextMesh Pro/Examples & Extras/Fonts/CaesarDressing-Regular.ttf using Guid(db890aca348ea7540a4af26ac1f06ad2) Importer(815301076,1909f56bfc062723c751e8b465ee728b)  -> (artifact id: 'c5d50aeeebcc785ec7ab04e4708ae49d') in 0.101502 seconds
Number of updated asset objects reloaded before import = 0
Number of asset objects unloaded after import = 4
========================================================================
Received Import Request.
  Time since last request: 0.000028 seconds.
  path: Assets/TextMesh Pro/Examples & Extras/Fonts/ChakraPetch-Regular.ttf
  artifactKey: Guid(6644c79b6a4dd1d4cbf06b4a7c3379a9) Importer(815301076,1909f56bfc062723c751e8b465ee728b)
Start importing Assets/TextMesh Pro/Examples & Extras/Fonts/ChakraPetch-Regular.ttf using Guid(6644c79b6a4dd1d4cbf06b4a7c3379a9) Importer(815301076,1909f56bfc062723c751e8b465ee728b)  -> (artifact id: 'fc5c788dbc03a24bfe75e9fd8365d7f3') in 0.016713 seconds
Number of updated asset objects reloaded before import = 0
Number of asset objects unloaded after import = 4
========================================================================
Received Import Request.
  Time since last request: 0.000038 seconds.
  path: Assets/TextMesh Pro/Examples & Extras/Fonts/Geo-Italic.ttf
  artifactKey: Guid(3878828851cc81947b56b74035fbcb18) Importer(815301076,1909f56bfc062723c751e8b465ee728b)
Start importing Assets/TextMesh Pro/Examples & Extras/Fonts/Geo-Italic.ttf using Guid(3878828851cc81947b56b74035fbcb18) Importer(815301076,1909f56bfc062723c751e8b465ee728b)  -> (artifact id: '467add249d841c65684eb7e41b01db2c') in 0.018812 seconds
Number of updated asset objects reloaded before import = 0
Number of asset objects unloaded after import = 4
========================================================================
Received Import Request.
  Time since last request: 0.000035 seconds.
  path: Assets/TextMesh Pro/Examples & Extras/Fonts/MuseoModerno-Italic-VariableFont_wght.ttf
  artifactKey: Guid(9ca0473a74d11f64b9e51a72915253ff) Importer(815301076,1909f56bfc062723c751e8b465ee728b)
Start importing Assets/TextMesh Pro/Examples & Extras/Fonts/MuseoModerno-Italic-VariableFont_wght.ttf using Guid(9ca0473a74d11f64b9e51a72915253ff) Importer(815301076,1909f56bfc062723c751e8b465ee728b)  -> (artifact id: 'cbe679e8f159e81a5d5b719fa1e4e69e') in 0.015287 seconds
Number of updated asset objects reloaded before import = 0
Number of asset objects unloaded after import = 4
========================================================================
Received Import Request.
  Time since last request: 0.000021 seconds.
  path: Assets/TextMesh Pro/Examples & Extras/Fonts/OdibeeSans-Regular.ttf
  artifactKey: Guid(2580fae387f71554ea2680d1d7aff6a1) Importer(815301076,1909f56bfc062723c751e8b465ee728b)
Start importing Assets/TextMesh Pro/Examples & Extras/Fonts/OdibeeSans-Regular.ttf using Guid(2580fae387f71554ea2680d1d7aff6a1) Importer(815301076,1909f56bfc062723c751e8b465ee728b)  -> (artifact id: '5838cfa11812404b172fbc8e324a902f') in 0.015727 seconds
Number of updated asset objects reloaded before import = 0
Number of asset objects unloaded after import = 4
========================================================================
Received Import Request.
  Time since last request: 265.368067 seconds.
  path: Assets/TextMesh Pro/Examples & Extras/Resources/Fonts & Materials/Anton.ttf
  artifactKey: Guid(e0161ec5002a37c4da827283e4290a1e) Importer(815301076,1909f56bfc062723c751e8b465ee728b)
Start importing Assets/TextMesh Pro/Examples & Extras/Resources/Fonts & Materials/Anton.ttf using Guid(e0161ec5002a37c4da827283e4290a1e) Importer(815301076,1909f56bfc062723c751e8b465ee728b)  -> (artifact id: '2fed647e9ac34a6dd189e002d9ecdb47') in 0.011917 seconds
Number of updated asset objects reloaded before import = 0
Number of asset objects unloaded after import = 4
========================================================================
Received Import Request.
  Time since last request: 0.000016 seconds.
  path: Assets/TextMesh Pro/Examples & Extras/Resources/Fonts & Materials/Geo-Italic.ttf
  artifactKey: Guid(3caccb30587c51041aa0cdc3e3f2bc97) Importer(815301076,1909f56bfc062723c751e8b465ee728b)
Start importing Assets/TextMesh Pro/Examples & Extras/Resources/Fonts & Materials/Geo-Italic.ttf using Guid(3caccb30587c51041aa0cdc3e3f2bc97) Importer(815301076,1909f56bfc062723c751e8b465ee728b)  -> (artifact id: '1289f1f6d9505f6566493b461114a823') in 0.016777 seconds
Number of updated asset objects reloaded before import = 0
Number of asset objects unloaded after import = 4
========================================================================
Received Import Request.
  Time since last request: 0.000017 seconds.
  path: Assets/TextMesh Pro/Examples & Extras/Resources/Fonts & Materials/Electronic Highway Sign.TTF
  artifactKey: Guid(cdfdbe0335c09a44f999acd000670bb3) Importer(815301076,1909f56bfc062723c751e8b465ee728b)
Start importing Assets/TextMesh Pro/Examples & Extras/Resources/Fonts & Materials/Electronic Highway Sign.TTF using Guid(cdfdbe0335c09a44f999acd000670bb3) Importer(815301076,1909f56bfc062723c751e8b465ee728b)  -> (artifact id: 'd6732c6149d460becc9185000579bd3c') in 0.011401 seconds
Number of updated asset objects reloaded before import = 0
Number of asset objects unloaded after import = 4
========================================================================
Received Import Request.
  Time since last request: 0.000012 seconds.
  path: Assets/TextMesh Pro/Examples & Extras/Resources/Fonts & Materials/Roboto-Bold.ttf
  artifactKey: Guid(9bf8098fa8f733e45b2fe78c2a79cf8d) Importer(815301076,1909f56bfc062723c751e8b465ee728b)
Start importing Assets/TextMesh Pro/Examples & Extras/Resources/Fonts & Materials/Roboto-Bold.ttf using Guid(9bf8098fa8f733e45b2fe78c2a79cf8d) Importer(815301076,1909f56bfc062723c751e8b465ee728b)  -> (artifact id: 'eaa6a18fbd548568cf7f5053f56713a8') in 0.011864 seconds
Number of updated asset objects reloaded before import = 0
Number of asset objects unloaded after import = 4
========================================================================
Received Import Request.
  Time since last request: 0.000017 seconds.
  path: Assets/TextMesh Pro/Examples & Extras/Resources/Fonts & Materials/MuseoModerno-VariableFont_wght.ttf
  artifactKey: Guid(ff8453548a3616f4d9491a363168a0ea) Importer(815301076,1909f56bfc062723c751e8b465ee728b)
Start importing Assets/TextMesh Pro/Examples & Extras/Resources/Fonts & Materials/MuseoModerno-VariableFont_wght.ttf using Guid(ff8453548a3616f4d9491a363168a0ea) Importer(815301076,1909f56bfc062723c751e8b465ee728b)  -> (artifact id: '138c6cc8d148e73afcd40284134f1ba3') in 0.012812 seconds
Number of updated asset objects reloaded before import = 0
Number of asset objects unloaded after import = 4
========================================================================
Received Import Request.
  Time since last request: 0.000018 seconds.
  path: Assets/TextMesh Pro/Examples & Extras/Resources/Fonts & Materials/Graduate-Regular.ttf
  artifactKey: Guid(e2d8d34dfd681a64890ef050e653d3e1) Importer(815301076,1909f56bfc062723c751e8b465ee728b)
Start importing Assets/TextMesh Pro/Examples & Extras/Resources/Fonts & Materials/Graduate-Regular.ttf using Guid(e2d8d34dfd681a64890ef050e653d3e1) Importer(815301076,1909f56bfc062723c751e8b465ee728b)  -> (artifact id: 'c1a7810435dcffd80ec285c420739c4a') in 0.013924 seconds
Number of updated asset objects reloaded before import = 0
Number of asset objects unloaded after import = 4
========================================================================
Received Import Request.
  Time since last request: 0.000013 seconds.
  path: Assets/TextMesh Pro/Examples & Extras/Resources/Fonts & Materials/Oswald-Bold.ttf
  artifactKey: Guid(f72740bcffcd700439ca18759949ba53) Importer(815301076,1909f56bfc062723c751e8b465ee728b)
Start importing Assets/TextMesh Pro/Examples & Extras/Resources/Fonts & Materials/Oswald-Bold.ttf using Guid(f72740bcffcd700439ca18759949ba53) Importer(815301076,1909f56bfc062723c751e8b465ee728b)  -> (artifact id: '27ed145e89b9827f98f2e888e5a82019') in 0.011644 seconds
Number of updated asset objects reloaded before import = 0
Number of asset objects unloaded after import = 4
========================================================================
Received Import Request.
  Time since last request: 0.000018 seconds.
  path: Assets/TextMesh Pro/Examples & Extras/Resources/Fonts & Materials/Jaro-Regular-VariableFont_opsz.ttf
  artifactKey: Guid(26892623d521a1d4d9a5536d93240e70) Importer(815301076,1909f56bfc062723c751e8b465ee728b)
Start importing Assets/TextMesh Pro/Examples & Extras/Resources/Fonts & Materials/Jaro-Regular-VariableFont_opsz.ttf using Guid(26892623d521a1d4d9a5536d93240e70) Importer(815301076,1909f56bfc062723c751e8b465ee728b)  -> (artifact id: '7bbd36aac7c5cc136aef4612459fcc21') in 0.010873 seconds
Number of updated asset objects reloaded before import = 0
Number of asset objects unloaded after import = 4
========================================================================
Received Import Request.
  Time since last request: 0.000018 seconds.
  path: Assets/TextMesh Pro/Examples & Extras/Resources/Fonts & Materials/ChakraPetch-Regular.ttf
  artifactKey: Guid(8557dec8b719d204d8ec70f8a348f9e8) Importer(815301076,1909f56bfc062723c751e8b465ee728b)
Start importing Assets/TextMesh Pro/Examples & Extras/Resources/Fonts & Materials/ChakraPetch-Regular.ttf using Guid(8557dec8b719d204d8ec70f8a348f9e8) Importer(815301076,1909f56bfc062723c751e8b465ee728b)  -> (artifact id: '0bde5a6c6e3d60b9b0977c602297ecc3') in 0.012559 seconds
Number of updated asset objects reloaded before import = 0
Number of asset objects unloaded after import = 4
========================================================================
Received Import Request.
  Time since last request: 0.000037 seconds.
  path: Assets/TextMesh Pro/Examples & Extras/Resources/Fonts & Materials/OdibeeSans-Regular.ttf
  artifactKey: Guid(68e6cbafa1c0d3649a6592c2d052ddcd) Importer(815301076,1909f56bfc062723c751e8b465ee728b)
Start importing Assets/TextMesh Pro/Examples & Extras/Resources/Fonts & Materials/OdibeeSans-Regular.ttf using Guid(68e6cbafa1c0d3649a6592c2d052ddcd) Importer(815301076,1909f56bfc062723c751e8b465ee728b)  -> (artifact id: '5f25645904f09d09e7f40907df644e25') in 0.011258 seconds
Number of updated asset objects reloaded before import = 0
Number of asset objects unloaded after import = 4
========================================================================
Received Import Request.
  Time since last request: 379.519908 seconds.
  path: Assets/TextMesh Pro/Examples & Extras/Fonts/static/ChakraPetch-Bold.ttf
  artifactKey: Guid(b63b318c6b75f3d4aa0c1cb73eec6cd1) Importer(815301076,1909f56bfc062723c751e8b465ee728b)
Start importing Assets/TextMesh Pro/Examples & Extras/Fonts/static/ChakraPetch-Bold.ttf using Guid(b63b318c6b75f3d4aa0c1cb73eec6cd1) Importer(815301076,1909f56bfc062723c751e8b465ee728b)  -> (artifact id: '2e00411332120abf9272c3fae7ffb81a') in 0.022010 seconds
Number of updated asset objects reloaded before import = 0
Number of asset objects unloaded after import = 4
========================================================================
Received Import Request.
  Time since last request: 0.000024 seconds.
  path: Assets/TextMesh Pro/Examples & Extras/Fonts/static/MuseoModerno-SemiBold.ttf
  artifactKey: Guid(e1e4ce5ea70793a4ab17c352c1e24d2f) Importer(815301076,1909f56bfc062723c751e8b465ee728b)
Start importing Assets/TextMesh Pro/Examples & Extras/Fonts/static/MuseoModerno-SemiBold.ttf using Guid(e1e4ce5ea70793a4ab17c352c1e24d2f) Importer(815301076,1909f56bfc062723c751e8b465ee728b)  -> (artifact id: '825a42665045fa9394e4f41a1acf403c') in 0.014512 seconds
Number of updated asset objects reloaded before import = 0
Number of asset objects unloaded after import = 4
========================================================================
Received Import Request.
  Time since last request: 0.000022 seconds.
  path: Assets/TextMesh Pro/Examples & Extras/Fonts/static/static/Jaro-Regular.ttf
  artifactKey: Guid(1afcb6d58ef830f4ba26ac3538f4d83d) Importer(815301076,1909f56bfc062723c751e8b465ee728b)
Start importing Assets/TextMesh Pro/Examples & Extras/Fonts/static/static/Jaro-Regular.ttf using Guid(1afcb6d58ef830f4ba26ac3538f4d83d) Importer(815301076,1909f56bfc062723c751e8b465ee728b)  -> (artifact id: 'ab8cab090003e68eb42553dc47e83fd8') in 0.013399 seconds
Number of updated asset objects reloaded before import = 0
Number of asset objects unloaded after import = 4
========================================================================
Received Import Request.
  Time since last request: 0.000023 seconds.
  path: Assets/TextMesh Pro/Examples & Extras/Fonts/static/ChakraPetch-SemiBold.ttf
  artifactKey: Guid(3dc5560be350c924ebc32a57bc07a602) Importer(815301076,1909f56bfc062723c751e8b465ee728b)
Start importing Assets/TextMesh Pro/Examples & Extras/Fonts/static/ChakraPetch-SemiBold.ttf using Guid(3dc5560be350c924ebc32a57bc07a602) Importer(815301076,1909f56bfc062723c751e8b465ee728b)  -> (artifact id: 'a6594a2e89139a49c09fe410a1ea6633') in 0.018019 seconds
Number of updated asset objects reloaded before import = 0
Number of asset objects unloaded after import = 4
========================================================================
Received Import Request.
  Time since last request: 0.000019 seconds.
  path: Assets/TextMesh Pro/Examples & Extras/Fonts/static/ChakraPetch-SemiBoldItalic.ttf
  artifactKey: Guid(f14d0ef0dace673449f2a3a4176cc9c4) Importer(815301076,1909f56bfc062723c751e8b465ee728b)
Start importing Assets/TextMesh Pro/Examples & Extras/Fonts/static/ChakraPetch-SemiBoldItalic.ttf using Guid(f14d0ef0dace673449f2a3a4176cc9c4) Importer(815301076,1909f56bfc062723c751e8b465ee728b)  -> (artifact id: 'e2b7ad8df9e7098d09b11d463938b70a') in 0.012576 seconds
Number of updated asset objects reloaded before import = 0
Number of asset objects unloaded after import = 4
========================================================================
Received Import Request.
  Time since last request: 0.000019 seconds.
  path: Assets/TextMesh Pro/Examples & Extras/Fonts/static/Jaro_36pt-Regular.ttf
  artifactKey: Guid(36403800e448a2545935b8202e1d7a84) Importer(815301076,1909f56bfc062723c751e8b465ee728b)
Start importing Assets/TextMesh Pro/Examples & Extras/Fonts/static/Jaro_36pt-Regular.ttf using Guid(36403800e448a2545935b8202e1d7a84) Importer(815301076,1909f56bfc062723c751e8b465ee728b)  -> (artifact id: '15d4b56386eacae9f883cbb97518e3cc') in 0.019891 seconds
Number of updated asset objects reloaded before import = 0
Number of asset objects unloaded after import = 4
========================================================================
Received Import Request.
  Time since last request: 0.000022 seconds.
  path: Assets/TextMesh Pro/Examples & Extras/Fonts/static/Jaro_60pt-Regular.ttf
  artifactKey: Guid(4d6b956f73cdb1e43a8a744b105940f9) Importer(815301076,1909f56bfc062723c751e8b465ee728b)
Start importing Assets/TextMesh Pro/Examples & Extras/Fonts/static/Jaro_60pt-Regular.ttf using Guid(4d6b956f73cdb1e43a8a744b105940f9) Importer(815301076,1909f56bfc062723c751e8b465ee728b)  -> (artifact id: '9e82990c6c2d2143f8ed990b256be69c') in 0.020872 seconds
Number of updated asset objects reloaded before import = 0
Number of asset objects unloaded after import = 4
========================================================================
Received Import Request.
  Time since last request: 0.000020 seconds.
  path: Assets/TextMesh Pro/Examples & Extras/Fonts/static/MuseoModerno-ThinItalic.ttf
  artifactKey: Guid(52412988d6817af4ab1a67940ea2fca7) Importer(815301076,1909f56bfc062723c751e8b465ee728b)
Start importing Assets/TextMesh Pro/Examples & Extras/Fonts/static/MuseoModerno-ThinItalic.ttf using Guid(52412988d6817af4ab1a67940ea2fca7) Importer(815301076,1909f56bfc062723c751e8b465ee728b)  -> (artifact id: 'a99aa7d12eb0b1c87b3e508af2682274') in 0.027348 seconds
Number of updated asset objects reloaded before import = 0
Number of asset objects unloaded after import = 4
========================================================================
Received Import Request.
  Time since last request: 0.000217 seconds.
  path: Assets/TextMesh Pro/Examples & Extras/Fonts/static/MuseoModerno-SemiBoldItalic.ttf
  artifactKey: Guid(5ae0e914b9f64874f9b933522b0d793b) Importer(815301076,1909f56bfc062723c751e8b465ee728b)
Start importing Assets/TextMesh Pro/Examples & Extras/Fonts/static/MuseoModerno-SemiBoldItalic.ttf using Guid(5ae0e914b9f64874f9b933522b0d793b) Importer(815301076,1909f56bfc062723c751e8b465ee728b)  -> (artifact id: '15a146424345d63f9e759e5d1250cd3e') in 0.024142 seconds
Number of updated asset objects reloaded before import = 0
Number of asset objects unloaded after import = 4
========================================================================
Received Import Request.
  Time since last request: 0.000016 seconds.
  path: Assets/TextMesh Pro/Examples & Extras/Fonts/static/ChakraPetch-Light.ttf
  artifactKey: Guid(50b8fc874601fa94b86f43acea6cd57e) Importer(815301076,1909f56bfc062723c751e8b465ee728b)
Start importing Assets/TextMesh Pro/Examples & Extras/Fonts/static/ChakraPetch-Light.ttf using Guid(50b8fc874601fa94b86f43acea6cd57e) Importer(815301076,1909f56bfc062723c751e8b465ee728b)  -> (artifact id: '8db7474cbdf000b27fcccf1361501c4a') in 0.018164 seconds
Number of updated asset objects reloaded before import = 0
Number of asset objects unloaded after import = 4
========================================================================
Received Import Request.
  Time since last request: 0.000019 seconds.
  path: Assets/TextMesh Pro/Examples & Extras/Fonts/static/ChakraPetch-LightItalic.ttf
  artifactKey: Guid(25cd23bc1cf98be41a1b5a7613285b23) Importer(815301076,1909f56bfc062723c751e8b465ee728b)
Start importing Assets/TextMesh Pro/Examples & Extras/Fonts/static/ChakraPetch-LightItalic.ttf using Guid(25cd23bc1cf98be41a1b5a7613285b23) Importer(815301076,1909f56bfc062723c751e8b465ee728b)  -> (artifact id: '24e05fd05ee28f4fbbd9fce9088d311a') in 0.018981 seconds
Number of updated asset objects reloaded before import = 0
Number of asset objects unloaded after import = 4
========================================================================
Received Import Request.
  Time since last request: 0.002375 seconds.
  path: Assets/TextMesh Pro/Examples & Extras/Fonts/static/MuseoModerno-LightItalic.ttf
  artifactKey: Guid(bc7eb3876d08ea949b9c19fc0ca8bec6) Importer(815301076,1909f56bfc062723c751e8b465ee728b)
Start importing Assets/TextMesh Pro/Examples & Extras/Fonts/static/MuseoModerno-LightItalic.ttf using Guid(bc7eb3876d08ea949b9c19fc0ca8bec6) Importer(815301076,1909f56bfc062723c751e8b465ee728b)  -> (artifact id: 'f34309bfd8a84532f561a9cc4d697510') in 0.031368 seconds
Number of updated asset objects reloaded before import = 0
Number of asset objects unloaded after import = 4
========================================================================
Received Import Request.
  Time since last request: 0.000020 seconds.
  path: Assets/TextMesh Pro/Examples & Extras/Fonts/static/MuseoModerno-BoldItalic.ttf
  artifactKey: Guid(70530d889eefe6147915b50b03c41d1f) Importer(815301076,1909f56bfc062723c751e8b465ee728b)
Start importing Assets/TextMesh Pro/Examples & Extras/Fonts/static/MuseoModerno-BoldItalic.ttf using Guid(70530d889eefe6147915b50b03c41d1f) Importer(815301076,1909f56bfc062723c751e8b465ee728b)  -> (artifact id: '0413ddbbc79c884c53768a33af069c17') in 0.014425 seconds
Number of updated asset objects reloaded before import = 0
Number of asset objects unloaded after import = 4
========================================================================
Received Import Request.
  Time since last request: 0.000020 seconds.
  path: Assets/TextMesh Pro/Examples & Extras/Fonts/static/MuseoModerno-Italic.ttf
  artifactKey: Guid(8a645201d98f4dd49b4425038fc1c71c) Importer(815301076,1909f56bfc062723c751e8b465ee728b)
Start importing Assets/TextMesh Pro/Examples & Extras/Fonts/static/MuseoModerno-Italic.ttf using Guid(8a645201d98f4dd49b4425038fc1c71c) Importer(815301076,1909f56bfc062723c751e8b465ee728b)  -> (artifact id: 'c9d13debe280a4463dd2486cd4da8165') in 0.021152 seconds
Number of updated asset objects reloaded before import = 0
Number of asset objects unloaded after import = 4
========================================================================
Received Import Request.
  Time since last request: 0.000023 seconds.
  path: Assets/TextMesh Pro/Examples & Extras/Fonts/static/MuseoModerno-ExtraBoldItalic.ttf
  artifactKey: Guid(4627946c1eb102748a1af76fdbc4957b) Importer(815301076,1909f56bfc062723c751e8b465ee728b)
Start importing Assets/TextMesh Pro/Examples & Extras/Fonts/static/MuseoModerno-ExtraBoldItalic.ttf using Guid(4627946c1eb102748a1af76fdbc4957b) Importer(815301076,1909f56bfc062723c751e8b465ee728b)  -> (artifact id: '15e3f3c6d956a9cb56703d5eb669e653') in 0.009376 seconds
Number of updated asset objects reloaded before import = 0
Number of asset objects unloaded after import = 4
========================================================================
Received Import Request.
  Time since last request: 0.000018 seconds.
  path: Assets/TextMesh Pro/Examples & Extras/Fonts/static/static/Jaro_9pt-Regular.ttf
  artifactKey: Guid(f67469e1cdba7a34abe658d237218a8a) Importer(815301076,1909f56bfc062723c751e8b465ee728b)
Start importing Assets/TextMesh Pro/Examples & Extras/Fonts/static/static/Jaro_9pt-Regular.ttf using Guid(f67469e1cdba7a34abe658d237218a8a) Importer(815301076,1909f56bfc062723c751e8b465ee728b)  -> (artifact id: 'b764a27f8bb6084573ea4826f626f1ca') in 0.010179 seconds
Number of updated asset objects reloaded before import = 0
Number of asset objects unloaded after import = 4
========================================================================
Received Import Request.
  Time since last request: 0.000016 seconds.
  path: Assets/TextMesh Pro/Examples & Extras/Fonts/static/MuseoModerno-Regular.ttf
  artifactKey: Guid(13b763c84ad2f9b4a92f7d13e201b817) Importer(815301076,1909f56bfc062723c751e8b465ee728b)
Start importing Assets/TextMesh Pro/Examples & Extras/Fonts/static/MuseoModerno-Regular.ttf using Guid(13b763c84ad2f9b4a92f7d13e201b817) Importer(815301076,1909f56bfc062723c751e8b465ee728b)  -> (artifact id: 'a2dca8c104c1972f653f073f20b532b0') in 0.010800 seconds
Number of updated asset objects reloaded before import = 0
Number of asset objects unloaded after import = 4
========================================================================
Received Import Request.
  Time since last request: 0.000017 seconds.
  path: Assets/TextMesh Pro/Examples & Extras/Fonts/static/MuseoModerno-BlackItalic.ttf
  artifactKey: Guid(a564f3d083a8e094fbd9466d39bee7e1) Importer(815301076,1909f56bfc062723c751e8b465ee728b)
Start importing Assets/TextMesh Pro/Examples & Extras/Fonts/static/MuseoModerno-BlackItalic.ttf using Guid(a564f3d083a8e094fbd9466d39bee7e1) Importer(815301076,1909f56bfc062723c751e8b465ee728b)  -> (artifact id: '08a7341be1cc402b596b32d64eb8c19d') in 0.009816 seconds
Number of updated asset objects reloaded before import = 0
Number of asset objects unloaded after import = 4
========================================================================
Received Import Request.
  Time since last request: 1.966838 seconds.
  path: Assets/TextMesh Pro/Examples & Extras/Fonts/static/Orbitron-Black.ttf
  artifactKey: Guid(24c28c1add4f0954a96830ada956d14b) Importer(815301076,1909f56bfc062723c751e8b465ee728b)
Start importing Assets/TextMesh Pro/Examples & Extras/Fonts/static/Orbitron-Black.ttf using Guid(24c28c1add4f0954a96830ada956d14b) Importer(815301076,1909f56bfc062723c751e8b465ee728b)  -> (artifact id: 'd6c8a7e8f2f478302e2e1cd91288048e') in 0.013216 seconds
Number of updated asset objects reloaded before import = 0
Number of asset objects unloaded after import = 4
========================================================================
Received Import Request.
  Time since last request: 0.000018 seconds.
  path: Assets/TextMesh Pro/Examples & Extras/Fonts/static/Orbitron-SemiBold.ttf
  artifactKey: Guid(8f579d58e16ab504ca4a2d5b4298c0bc) Importer(815301076,1909f56bfc062723c751e8b465ee728b)
Start importing Assets/TextMesh Pro/Examples & Extras/Fonts/static/Orbitron-SemiBold.ttf using Guid(8f579d58e16ab504ca4a2d5b4298c0bc) Importer(815301076,1909f56bfc062723c751e8b465ee728b)  -> (artifact id: 'bf291b5837e64af6e7723a8a7ba721e4') in 0.017731 seconds
Number of updated asset objects reloaded before import = 0
Number of asset objects unloaded after import = 4
========================================================================
Received Import Request.
  Time since last request: 0.000018 seconds.
  path: Assets/TextMesh Pro/Examples & Extras/Fonts/static/Orbitron-Regular.ttf
  artifactKey: Guid(3b1b1371f87513544986a5944511e148) Importer(815301076,1909f56bfc062723c751e8b465ee728b)
Start importing Assets/TextMesh Pro/Examples & Extras/Fonts/static/Orbitron-Regular.ttf using Guid(3b1b1371f87513544986a5944511e148) Importer(815301076,1909f56bfc062723c751e8b465ee728b)  -> (artifact id: '111b9503e96e24a1cf03b29edab5aa9a') in 0.012815 seconds
Number of updated asset objects reloaded before import = 0
Number of asset objects unloaded after import = 4
========================================================================
Received Import Request.
  Time since last request: 40.718612 seconds.
  path: Assets/TextMesh Pro/Examples & Extras/Fonts/New Folder
  artifactKey: Guid(5565f0bdcfed33b45a6c1ab4c624824c) Importer(815301076,1909f56bfc062723c751e8b465ee728b)
Start importing Assets/TextMesh Pro/Examples & Extras/Fonts/New Folder using Guid(5565f0bdcfed33b45a6c1ab4c624824c) Importer(815301076,1909f56bfc062723c751e8b465ee728b)  -> (artifact id: 'b647ac797fff36c7f106231eef37f294') in 0.000535 seconds
Number of updated asset objects reloaded before import = 0
Number of asset objects unloaded after import = 0
========================================================================
Received Import Request.
  Time since last request: 62.590304 seconds.
  path: Assets/TextMesh Pro/Examples & Extras/Fonts/Bangers SDF.asset
  artifactKey: Guid(c3f0e1f6c22cbc94a8e8e0c7cadba03e) Importer(815301076,1909f56bfc062723c751e8b465ee728b)
Start importing Assets/TextMesh Pro/Examples & Extras/Fonts/Bangers SDF.asset using Guid(c3f0e1f6c22cbc94a8e8e0c7cadba03e) Importer(815301076,1909f56bfc062723c751e8b465ee728b)  -> (artifact id: '4238a2aa66f7bef53ec727e730cb9adb') in 0.052095 seconds
Number of updated asset objects reloaded before import = 0
Number of asset objects unloaded after import = 6
========================================================================
Received Import Request.
  Time since last request: 3.797762 seconds.
  path: Assets/TextMesh Pro/Examples & Extras/Fonts/New Folder/Anton SDF.asset
  artifactKey: Guid(5f79c407b12cdad45a9e064a23007b98) Importer(815301076,1909f56bfc062723c751e8b465ee728b)
Start importing Assets/TextMesh Pro/Examples & Extras/Fonts/New Folder/Anton SDF.asset using Guid(5f79c407b12cdad45a9e064a23007b98) Importer(815301076,1909f56bfc062723c751e8b465ee728b)  -> (artifact id: 'e1c73035d50ed8d338071f56be767bfb') in 0.026120 seconds
Number of updated asset objects reloaded before import = 0
Number of asset objects unloaded after import = 6
========================================================================
Received Import Request.
  Time since last request: 22.218534 seconds.
  path: Assets/TextMesh Pro/Examples & Extras/Fonts/CaesarDressing-Regular SDF.asset
  artifactKey: Guid(00d262530ae891b4a93405bc57d40b14) Importer(815301076,1909f56bfc062723c751e8b465ee728b)
Start importing Assets/TextMesh Pro/Examples & Extras/Fonts/CaesarDressing-Regular SDF.asset using Guid(00d262530ae891b4a93405bc57d40b14) Importer(815301076,1909f56bfc062723c751e8b465ee728b)  -> (artifact id: '9bae79fc3dc95a54aecc2e97cf95bc1f') in 0.020069 seconds
Number of updated asset objects reloaded before import = 0
Number of asset objects unloaded after import = 6
========================================================================
Received Import Request.
  Time since last request: 8.024508 seconds.
  path: Assets/TextMesh Pro/Examples & Extras/Fonts/ChakraPetch-Medium SDF.asset
  artifactKey: Guid(cce07f051072627419676763ad7515bf) Importer(815301076,1909f56bfc062723c751e8b465ee728b)
Start importing Assets/TextMesh Pro/Examples & Extras/Fonts/ChakraPetch-Medium SDF.asset using Guid(cce07f051072627419676763ad7515bf) Importer(815301076,1909f56bfc062723c751e8b465ee728b)  -> (artifact id: '50a96aed14e317d6f80c15436b2e0d33') in 0.025289 seconds
Number of updated asset objects reloaded before import = 0
Number of asset objects unloaded after import = 6
========================================================================
Received Import Request.
  Time since last request: 7.750764 seconds.
  path: Assets/TextMesh Pro/Examples & Extras/Fonts/ChakraPetch-Regular SDF.asset
  artifactKey: Guid(5f7006120bce5724dadd93a54481bdc4) Importer(815301076,1909f56bfc062723c751e8b465ee728b)
Start importing Assets/TextMesh Pro/Examples & Extras/Fonts/ChakraPetch-Regular SDF.asset using Guid(5f7006120bce5724dadd93a54481bdc4) Importer(815301076,1909f56bfc062723c751e8b465ee728b)  -> (artifact id: 'd745ba8e01f4d04e216b323f58be282d') in 0.025243 seconds
Number of updated asset objects reloaded before import = 0
Number of asset objects unloaded after import = 6
========================================================================
Received Import Request.
  Time since last request: 8.972819 seconds.
  path: Assets/TextMesh Pro/Examples & Extras/Fonts/Electronic Highway Sign SDF.asset
  artifactKey: Guid(9817782488749aa43b09203703938537) Importer(815301076,1909f56bfc062723c751e8b465ee728b)
Start importing Assets/TextMesh Pro/Examples & Extras/Fonts/Electronic Highway Sign SDF.asset using Guid(9817782488749aa43b09203703938537) Importer(815301076,1909f56bfc062723c751e8b465ee728b)  -> (artifact id: '71f075e4b171403392bd05071fce91ef') in 0.024786 seconds
Number of updated asset objects reloaded before import = 0
Number of asset objects unloaded after import = 6
========================================================================
Received Import Request.
  Time since last request: 7.418261 seconds.
  path: Assets/TextMesh Pro/Examples & Extras/Fonts/Geo-Italic SDF.asset
  artifactKey: Guid(eefc1fce6608df240a57195998c01664) Importer(815301076,1909f56bfc062723c751e8b465ee728b)
Start importing Assets/TextMesh Pro/Examples & Extras/Fonts/Geo-Italic SDF.asset using Guid(eefc1fce6608df240a57195998c01664) Importer(815301076,1909f56bfc062723c751e8b465ee728b)  -> (artifact id: '4fd350e503fd227285ea0cad0c50588e') in 0.023408 seconds
Number of updated asset objects reloaded before import = 0
Number of asset objects unloaded after import = 6
========================================================================
Received Import Request.
  Time since last request: 6.630519 seconds.
  path: Assets/TextMesh Pro/Examples & Extras/Fonts/Graduate-Regular SDF.asset
  artifactKey: Guid(04e1460bfa7bcf24c9d0436a8162fd3e) Importer(815301076,1909f56bfc062723c751e8b465ee728b)
Start importing Assets/TextMesh Pro/Examples & Extras/Fonts/Graduate-Regular SDF.asset using Guid(04e1460bfa7bcf24c9d0436a8162fd3e) Importer(815301076,1909f56bfc062723c751e8b465ee728b)  -> (artifact id: 'e2e39fe61bd2f85402b73dda3963fc89') in 0.023818 seconds
Number of updated asset objects reloaded before import = 0
Number of asset objects unloaded after import = 6
========================================================================
Received Import Request.
  Time since last request: 5.480641 seconds.
  path: Assets/TextMesh Pro/Examples & Extras/Fonts/Jaro-Regular-VariableFont_opsz SDF.asset
  artifactKey: Guid(1c3886ab810caa34a94e6e37b31bd97c) Importer(815301076,1909f56bfc062723c751e8b465ee728b)
Start importing Assets/TextMesh Pro/Examples & Extras/Fonts/Jaro-Regular-VariableFont_opsz SDF.asset using Guid(1c3886ab810caa34a94e6e37b31bd97c) Importer(815301076,1909f56bfc062723c751e8b465ee728b)  -> (artifact id: 'a945d094158226a18265ef1765185715') in 0.023086 seconds
Number of updated asset objects reloaded before import = 0
Number of asset objects unloaded after import = 6
========================================================================
Received Import Request.
  Time since last request: 5.890602 seconds.
  path: Assets/TextMesh Pro/Examples & Extras/Fonts/MuseoModerno-Italic-VariableFont_wght SDF.asset
  artifactKey: Guid(5ce4b1239788e204694340225135ea71) Importer(815301076,1909f56bfc062723c751e8b465ee728b)
Start importing Assets/TextMesh Pro/Examples & Extras/Fonts/MuseoModerno-Italic-VariableFont_wght SDF.asset using Guid(5ce4b1239788e204694340225135ea71) Importer(815301076,1909f56bfc062723c751e8b465ee728b)  -> (artifact id: '34c56f8717a3c60c62b5813b3528fd21') in 0.023031 seconds
Number of updated asset objects reloaded before import = 0
Number of asset objects unloaded after import = 6
========================================================================
Received Import Request.
  Time since last request: 6.544139 seconds.
  path: Assets/TextMesh Pro/Examples & Extras/Fonts/MuseoModerno-VariableFont_wght SDF.asset
  artifactKey: Guid(f071b10de1964de48be32d62f2ba42fe) Importer(815301076,1909f56bfc062723c751e8b465ee728b)
Start importing Assets/TextMesh Pro/Examples & Extras/Fonts/MuseoModerno-VariableFont_wght SDF.asset using Guid(f071b10de1964de48be32d62f2ba42fe) Importer(815301076,1909f56bfc062723c751e8b465ee728b)  -> (artifact id: '49524247fa8ced58b7eb67cda0ae1400') in 0.023744 seconds
Number of updated asset objects reloaded before import = 0
Number of asset objects unloaded after import = 6
========================================================================
Received Import Request.
  Time since last request: 6.743102 seconds.
  path: Assets/TextMesh Pro/Examples & Extras/Fonts/OdibeeSans-Regular SDF.asset
  artifactKey: Guid(13e8ac4f93f5e184980fbac6f93dcbf5) Importer(815301076,1909f56bfc062723c751e8b465ee728b)
Start importing Assets/TextMesh Pro/Examples & Extras/Fonts/OdibeeSans-Regular SDF.asset using Guid(13e8ac4f93f5e184980fbac6f93dcbf5) Importer(815301076,1909f56bfc062723c751e8b465ee728b)  -> (artifact id: '77c4be5bea0b9e66a2da1d8a5c03b9a9') in 0.023559 seconds
Number of updated asset objects reloaded before import = 0
Number of asset objects unloaded after import = 6
========================================================================
Received Import Request.
  Time since last request: 6.020646 seconds.
  path: Assets/TextMesh Pro/Examples & Extras/Fonts/Oswald-Bold SDF.asset
  artifactKey: Guid(a1f1acb69c98ace469df166b565b0f0a) Importer(815301076,1909f56bfc062723c751e8b465ee728b)
Start importing Assets/TextMesh Pro/Examples & Extras/Fonts/Oswald-Bold SDF.asset using Guid(a1f1acb69c98ace469df166b565b0f0a) Importer(815301076,1909f56bfc062723c751e8b465ee728b)  -> (artifact id: 'fad9c9b9e0f3786a5a06e5a253575ae1') in 0.025693 seconds
Number of updated asset objects reloaded before import = 0
Number of asset objects unloaded after import = 6
========================================================================
Received Import Request.
  Time since last request: 6.506564 seconds.
  path: Assets/TextMesh Pro/Examples & Extras/Fonts/PoiretOne-Regular SDF.asset
  artifactKey: Guid(9c440321f31cb1f4ba846626855acb57) Importer(815301076,1909f56bfc062723c751e8b465ee728b)
Start importing Assets/TextMesh Pro/Examples & Extras/Fonts/PoiretOne-Regular SDF.asset using Guid(9c440321f31cb1f4ba846626855acb57) Importer(815301076,1909f56bfc062723c751e8b465ee728b)  -> (artifact id: 'f576836f67bda0f0c1fc340dc72b9a95') in 0.022097 seconds
Number of updated asset objects reloaded before import = 0
Number of asset objects unloaded after import = 6
========================================================================
Received Import Request.
  Time since last request: 5.378146 seconds.
  path: Assets/TextMesh Pro/Examples & Extras/Fonts/Roboto-Bold SDF.asset
  artifactKey: Guid(370997d592461f64fab7112d35c07481) Importer(815301076,1909f56bfc062723c751e8b465ee728b)
Start importing Assets/TextMesh Pro/Examples & Extras/Fonts/Roboto-Bold SDF.asset using Guid(370997d592461f64fab7112d35c07481) Importer(815301076,1909f56bfc062723c751e8b465ee728b)  -> (artifact id: 'df06a67219a51a48c273457e3acf5fd8') in 0.022850 seconds
Number of updated asset objects reloaded before import = 0
Number of asset objects unloaded after import = 6
========================================================================
Received Import Request.
  Time since last request: 33.405010 seconds.
  path: Assets/TextMesh Pro/Examples & Extras/Resources/Fonts & Materials/Bangers SDF.asset
  artifactKey: Guid(125cb55b44b24c4393181402bc6200e6) Importer(815301076,1909f56bfc062723c751e8b465ee728b)
Start importing Assets/TextMesh Pro/Examples & Extras/Resources/Fonts & Materials/Bangers SDF.asset using Guid(125cb55b44b24c4393181402bc6200e6) Importer(815301076,1909f56bfc062723c751e8b465ee728b)  -> (artifact id: '37c5f26fefc10d0a0b4d1257baad7979') in 0.031178 seconds
Number of updated asset objects reloaded before import = 0
Number of asset objects unloaded after import = 6
========================================================================
Received Import Request.
  Time since last request: 417.242297 seconds.
  path: Assets/TextMesh Pro/Examples & Extras/Fonts/Anton SDF.asset
  artifactKey: Guid(5f79c407b12cdad45a9e064a23007b98) Importer(815301076,1909f56bfc062723c751e8b465ee728b)
Start importing Assets/TextMesh Pro/Examples & Extras/Fonts/Anton SDF.asset using Guid(5f79c407b12cdad45a9e064a23007b98) Importer(815301076,1909f56bfc062723c751e8b465ee728b)  -> (artifact id: '618856ebc9e673a7c761c2a68d7b15de') in 0.036086 seconds
Number of updated asset objects reloaded before import = 0
Number of asset objects unloaded after import = 6
========================================================================
Received Import Request.
  Time since last request: 0.000020 seconds.
  path: Assets/TextMesh Pro/Examples & Extras/Fonts/Oswald-Bold SDF.asset
  artifactKey: Guid(a1f1acb69c98ace469df166b565b0f0a) Importer(815301076,1909f56bfc062723c751e8b465ee728b)
Start importing Assets/TextMesh Pro/Examples & Extras/Fonts/Oswald-Bold SDF.asset using Guid(a1f1acb69c98ace469df166b565b0f0a) Importer(815301076,1909f56bfc062723c751e8b465ee728b)  -> (artifact id: '80fae9c4b7ba40cb433f9401cede2bdf') in 0.036259 seconds
Number of updated asset objects reloaded before import = 0
Number of asset objects unloaded after import = 6
========================================================================
Received Import Request.
  Time since last request: 0.000025 seconds.
  path: Assets/TextMesh Pro/Examples & Extras/Fonts/Jaro-Regular-VariableFont_opsz SDF.asset
  artifactKey: Guid(1c3886ab810caa34a94e6e37b31bd97c) Importer(815301076,1909f56bfc062723c751e8b465ee728b)
Start importing Assets/TextMesh Pro/Examples & Extras/Fonts/Jaro-Regular-VariableFont_opsz SDF.asset using Guid(1c3886ab810caa34a94e6e37b31bd97c) Importer(815301076,1909f56bfc062723c751e8b465ee728b)  -> (artifact id: '1cb39fcf70af0770a9008485c672a13e') in 0.029292 seconds
Number of updated asset objects reloaded before import = 0
Number of asset objects unloaded after import = 6
========================================================================
Received Import Request.
  Time since last request: 0.000015 seconds.
  path: Assets/TextMesh Pro/Examples & Extras/Fonts/OdibeeSans-Regular SDF.asset
  artifactKey: Guid(13e8ac4f93f5e184980fbac6f93dcbf5) Importer(815301076,1909f56bfc062723c751e8b465ee728b)
Start importing Assets/TextMesh Pro/Examples & Extras/Fonts/OdibeeSans-Regular SDF.asset using Guid(13e8ac4f93f5e184980fbac6f93dcbf5) Importer(815301076,1909f56bfc062723c751e8b465ee728b)  -> (artifact id: 'b956f6ff9177e2b89a8eafa0e626ff4f') in 0.026096 seconds
Number of updated asset objects reloaded before import = 0
Number of asset objects unloaded after import = 6
========================================================================
Received Import Request.
  Time since last request: 0.000013 seconds.
  path: Assets/TextMesh Pro/Examples & Extras/Fonts/MuseoModerno-VariableFont_wght SDF.asset
  artifactKey: Guid(f071b10de1964de48be32d62f2ba42fe) Importer(815301076,1909f56bfc062723c751e8b465ee728b)
Start importing Assets/TextMesh Pro/Examples & Extras/Fonts/MuseoModerno-VariableFont_wght SDF.asset using Guid(f071b10de1964de48be32d62f2ba42fe) Importer(815301076,1909f56bfc062723c751e8b465ee728b)  -> (artifact id: 'e4de28baa3ae084c22e37bf48c03a3de') in 0.034818 seconds
Number of updated asset objects reloaded before import = 0
Number of asset objects unloaded after import = 6
========================================================================
Received Import Request.
  Time since last request: 0.000016 seconds.
  path: Assets/TextMesh Pro/Examples & Extras/Fonts/Geo-Regular SDF.asset
  artifactKey: Guid(75aaaa2f40f7c384b85b3c55c7b28c5a) Importer(815301076,1909f56bfc062723c751e8b465ee728b)
Start importing Assets/TextMesh Pro/Examples & Extras/Fonts/Geo-Regular SDF.asset using Guid(75aaaa2f40f7c384b85b3c55c7b28c5a) Importer(815301076,1909f56bfc062723c751e8b465ee728b)  -> (artifact id: 'c07e09df5d8ef39cfd7bfb062a9a7509') in 0.033700 seconds
Number of updated asset objects reloaded before import = 0
Number of asset objects unloaded after import = 6
========================================================================
Received Import Request.
  Time since last request: 0.000022 seconds.
  path: Assets/TextMesh Pro/Examples & Extras/Fonts/MuseoModerno-Italic-VariableFont_wght SDF.asset
  artifactKey: Guid(5ce4b1239788e204694340225135ea71) Importer(815301076,1909f56bfc062723c751e8b465ee728b)
Start importing Assets/TextMesh Pro/Examples & Extras/Fonts/MuseoModerno-Italic-VariableFont_wght SDF.asset using Guid(5ce4b1239788e204694340225135ea71) Importer(815301076,1909f56bfc062723c751e8b465ee728b)  -> (artifact id: 'e57795d96ffbc1adabb8e8e7425f02ee') in 0.023852 seconds
Number of updated asset objects reloaded before import = 0
Number of asset objects unloaded after import = 6
========================================================================
Received Import Request.
  Time since last request: 0.000038 seconds.
  path: Assets/TextMesh Pro/Examples & Extras/Fonts/PoiretOne-Regular SDF.asset
  artifactKey: Guid(9c440321f31cb1f4ba846626855acb57) Importer(815301076,1909f56bfc062723c751e8b465ee728b)
Start importing Assets/TextMesh Pro/Examples & Extras/Fonts/PoiretOne-Regular SDF.asset using Guid(9c440321f31cb1f4ba846626855acb57) Importer(815301076,1909f56bfc062723c751e8b465ee728b)  -> (artifact id: '4c99e9f3a587bafa75918e62168e386f') in 0.023500 seconds
Number of updated asset objects reloaded before import = 0
Number of asset objects unloaded after import = 6
========================================================================
Received Import Request.
  Time since last request: 2.222450 seconds.
  path: Assets/TextMesh Pro/Examples & Extras/Fonts/ 
  artifactKey: Guid(4bd89433111acc74a8083cc2cfe25964) Importer(815301076,1909f56bfc062723c751e8b465ee728b)
Start importing Assets/TextMesh Pro/Examples & Extras/Fonts/  using Guid(4bd89433111acc74a8083cc2cfe25964) Importer(815301076,1909f56bfc062723c751e8b465ee728b)  -> (artifact id: '2d8f0b7b5e66817b74c48bc242726cef') in 0.000647 seconds
Number of updated asset objects reloaded before import = 0
Number of asset objects unloaded after import = 0
========================================================================
Received Import Request.
  Time since last request: 0.066460 seconds.
  path: Assets/TextMesh Pro/Examples & Extras/Fonts/ /OdibeeSans-Regular.asset
  artifactKey: Guid(48d5ebf03eff998409eeaf98fc0ff89b) Importer(815301076,1909f56bfc062723c751e8b465ee728b)
Start importing Assets/TextMesh Pro/Examples & Extras/Fonts/ /OdibeeSans-Regular.asset using Guid(48d5ebf03eff998409eeaf98fc0ff89b) Importer(815301076,1909f56bfc062723c751e8b465ee728b)  -> (artifact id: '3244d0ae1f406ff38286d32524b906a0') in 0.025476 seconds
Number of updated asset objects reloaded before import = 0
Number of asset objects unloaded after import = 6
========================================================================
Received Import Request.
  Time since last request: 31.271529 seconds.
  path: Assets/TextMesh Pro/Examples & Extras/Fonts/static
  artifactKey: Guid(9ae2f28feeeb5594090c075b4d19fe59) Importer(815301076,1909f56bfc062723c751e8b465ee728b)
Start importing Assets/TextMesh Pro/Examples & Extras/Fonts/static using Guid(9ae2f28feeeb5594090c075b4d19fe59) Importer(815301076,1909f56bfc062723c751e8b465ee728b)  -> (artifact id: '631dbcdd37b91857b945ae1e5528573b') in 0.000618 seconds
Number of updated asset objects reloaded before import = 0
Number of asset objects unloaded after import = 0
========================================================================
Received Import Request.
  Time since last request: 218.300231 seconds.
  path: Assets/TextMesh Pro/Examples & Extras/Fonts/Anton SDF.asset
  artifactKey: Guid(5f79c407b12cdad45a9e064a23007b98) Importer(815301076,1909f56bfc062723c751e8b465ee728b)
Start importing Assets/TextMesh Pro/Examples & Extras/Fonts/Anton SDF.asset using Guid(5f79c407b12cdad45a9e064a23007b98) Importer(815301076,1909f56bfc062723c751e8b465ee728b)  -> (artifact id: '46f429367535dc1f0cbf3ced5ab84fd8') in 0.022997 seconds
Number of updated asset objects reloaded before import = 0
Number of asset objects unloaded after import = 6
========================================================================
Received Import Request.
  Time since last request: 107.063280 seconds.
  path: Assets/TextMesh Pro/Examples & Extras/Resources/Fonts & Materials/Bangers SDF.asset
  artifactKey: Guid(125cb55b44b24c4393181402bc6200e6) Importer(815301076,1909f56bfc062723c751e8b465ee728b)
Start importing Assets/TextMesh Pro/Examples & Extras/Resources/Fonts & Materials/Bangers SDF.asset using Guid(125cb55b44b24c4393181402bc6200e6) Importer(815301076,1909f56bfc062723c751e8b465ee728b)  -> (artifact id: 'd7aaf3c6d3fef8ddd4074fc7c48c0bc7') in 0.023907 seconds
Number of updated asset objects reloaded before import = 0
Number of asset objects unloaded after import = 6
========================================================================
Received Import Request.
  Time since last request: 20.076992 seconds.
  path: Assets/TextMesh Pro/Examples & Extras/Fonts/ /OdibeeSans-Regular.asset
  artifactKey: Guid(48d5ebf03eff998409eeaf98fc0ff89b) Importer(815301076,1909f56bfc062723c751e8b465ee728b)
Start importing Assets/TextMesh Pro/Examples & Extras/Fonts/ /OdibeeSans-Regular.asset using Guid(48d5ebf03eff998409eeaf98fc0ff89b) Importer(815301076,1909f56bfc062723c751e8b465ee728b)  -> (artifact id: 'de2a587ab876e8918d72914fc42e99a0') in 0.024164 seconds
Number of updated asset objects reloaded before import = 0
Number of asset objects unloaded after import = 6
========================================================================
Received Import Request.
  Time since last request: 1859.363709 seconds.
  path: Assets/Samples/Cinemachine/2.6.17/Cinemachine Example Scenes/Scenes/AimingRig/AimingRig.asmdef
  artifactKey: Guid(4f3124b5596b549b9a983c141448dd11) Importer(815301076,1909f56bfc062723c751e8b465ee728b)
Start importing Assets/Samples/Cinemachine/2.6.17/Cinemachine Example Scenes/Scenes/AimingRig/AimingRig.asmdef using Guid(4f3124b5596b549b9a983c141448dd11) Importer(815301076,1909f56bfc062723c751e8b465ee728b)  -> (artifact id: 'a34291c5d899d637cd01e3e1ee72a328') in 0.001138 seconds
Number of updated asset objects reloaded before import = 0
Number of asset objects unloaded after import = 0
